#
# A fatal error has been detected by the Java Runtime Environment:
#
#  SIGSEGV (0xb) at pc=0x00000001076ec366, pid=12598, tid=17155
#
# JRE version: Java(TM) SE Runtime Environment (8.0_91-b14) (build 1.8.0_91-b14)
# Java VM: Java HotSpot(TM) 64-Bit Server VM (25.91-b14 mixed mode bsd-amd64 compressed oops)
# Problematic frame:
# V  [libjvm.dylib+0x448366]  Method::checked_resolve_jmethod_id(_jmethodID*)+0x1c
#
# Failed to write core dump. Core dumps have been disabled. To enable core dumping, try "ulimit -c unlimited" before starting Java again
#
# If you would like to submit a bug report, please visit:
#   http://bugreport.java.com/bugreport/crash.jsp
#

---------------  T H R E A D  ---------------

Current thread (0x00007f8f2e006800):  JavaThread "JDWP Transport Listener: dt_socket" daemon [_thread_in_vm, id=17155, stack(0x00007000055d0000,0x00007000056d0000)]

siginfo: si_signo: 11 (SIGSEGV), si_code: 0 (unknown), si_addr: 0x0000000000000000

Registers:
RAX=0x0000000000000001, RBX=0x86f0ffffffff280b, RCX=0x0000000107abc340, RDX=0x00007000056cfa8b
RSP=0x00007000056cf9d0, RBP=0x00007000056cf9e0, RSI=0x00007f8f2e006800, RDI=0x00007f8f2cc30002
R8 =0x0000000000000012, R9 =0x0000000000000000, R10=0x0000000000000001, R11=0x0000000000000013
R12=0x00007f8f2e006800, R13=0x00007f8f2cc30002, R14=0x00007f8f2cc30002, R15=0x00007f8f2cc0e390
RIP=0x00000001076ec366, EFLAGS=0x0000000000010286, ERR=0x0000000000000000
  TRAPNO=0x000000000000000d

Top of Stack: (sp=0x00007000056cf9d0)
0x00007000056cf9d0:   00007000056cfa8b 00007000056cfa8b
0x00007000056cf9e0:   00007000056cfa40 00000001075fb316
0x00007000056cf9f0:   00007f8f2e006800 0000000000000000
0x00007000056cfa00:   0000000000000000 0000000000000000
0x00007000056cfa10:   00007f8f2e006800 00007f8f2e006800
0x00007000056cfa20:   00007000056cfa8b 00007000056cfa90
0x00007000056cfa30:   00007f8f2cc30002 0000000000000006
0x00007000056cfa40:   00007000056cfa60 0000000106e63780
0x00007000056cfa50:   0000000000000001 00007000056cfb08
0x00007000056cfa60:   00007000056cfad0 0000000106e481f3
0x00007000056cfa70:   00007000056cfaa0 00007f8f2cd8e8a0
0x00007000056cfa80:   0000000700000032 0000000a006cfb08
0x00007000056cfa90:   0000000000000000 0000000000000000
0x00007000056cfaa0:   0000000000000000 00007000056cfc90
0x00007000056cfab0:   0000000106e6ae7a 00007f8f2cd91550
0x00007000056cfac0:   00007000056cfb08 0000000106e76598
0x00007000056cfad0:   00007000056cfae0 0000000106e482ec
0x00007000056cfae0:   00007000056cfd00 0000000106e51898
0x00007000056cfaf0:   000044c800000013 00000000000f0200
0x00007000056cfb00:   00007f8f2cd5fa10 00007f8f2cd92b24
0x00007000056cfb10:   00007f8f000000d4 00007f8f2cd92530
0x00007000056cfb20:   00007f8f0000012c 00007000056cfb58
0x00007000056cfb30:   00007f8f2cd92530 0000000000000000
0x00007000056cfb40:   000044c80000000f 0000000000000080
0x00007000056cfb50:   00007000056cfb58 8f7f000007000000
0x00007000056cfb60:   10000000d0fbd52c 74736574726f6873
0x00007000056cfb70:   657a69537473694c 4949492806000000
0x00007000056cfb80:   0000000000004929 c62c8f7f00000a00
0x00007000056cfb90:   747305000000b0be 2817000000747261
0x00007000056cfba0:   2f78666176616a4c 74532f6567617473
0x00007000056cfbb0:   000056293b656761 0000010000000000
0x00007000056cfbc0:   0000a8bec62c8f7f 00006e69616d0400 

Instructions: (pc=0x00000001076ec366)
0x00000001076ec346:   31 c0 5d c3 55 48 89 e5 53 48 83 ec 08 48 85 ff
0x00000001076ec356:   74 24 48 8b 1f 48 85 db 74 1c 48 83 fb 37 74 16
0x00000001076ec366:   48 8b 03 48 89 df ff 50 10 84 c0 b8 00 00 00 00
0x00000001076ec376:   48 0f 45 c3 eb 02 31 c0 48 83 c4 08 5b 5d c3 90 

Register to memory mapping:

RAX=0x0000000000000001 is an unknown value
RBX=0x86f0ffffffff280b is an unknown value
RCX=0x0000000107abc340: UseMembar+0 in /Library/Java/JavaVirtualMachines/jdk1.8.0_91.jdk/Contents/Home/jre/lib/server/libjvm.dylib at 0x00000001072a4000
RDX=0x00007000056cfa8b is pointing into the stack for thread: 0x00007f8f2e006800
RSP=0x00007000056cf9d0 is pointing into the stack for thread: 0x00007f8f2e006800
RBP=0x00007000056cf9e0 is pointing into the stack for thread: 0x00007f8f2e006800
RSI=0x00007f8f2e006800 is a thread
RDI=0x00007f8f2cc30002 is an unknown value
R8 =0x0000000000000012 is an unknown value
R9 =0x0000000000000000 is an unknown value
R10=0x0000000000000001 is an unknown value
R11=0x0000000000000013 is an unknown value
R12=0x00007f8f2e006800 is a thread
R13=0x00007f8f2cc30002 is an unknown value
R14=0x00007f8f2cc30002 is an unknown value
R15=0x00007f8f2cc0e390 is an unknown value


Stack: [0x00007000055d0000,0x00007000056d0000],  sp=0x00007000056cf9d0,  free space=1022k
Native frames: (J=compiled Java code, j=interpreted, Vv=VM code, C=native code)
V  [libjvm.dylib+0x448366]  Method::checked_resolve_jmethod_id(_jmethodID*)+0x1c
V  [libjvm.dylib+0x357316]  jvmti_IsMethodSynthetic+0xb2
C  [libjdwp.dylib+0x20780]  isMethodSynthetic+0x63
C  [libjdwp.dylib+0x51f3]  methods1+0x10b
C  [libjdwp.dylib+0x52ec]  methodsWithGeneric+0xe
C  [libjdwp.dylib+0xe898]  debugLoop_run+0x1ce
C  [libjdwp.dylib+0x1f6ba]  attachThread+0x4d
V  [libjvm.dylib+0x39867c]  JvmtiAgentThread::call_start_function()+0x38
V  [libjvm.dylib+0x563d17]  JavaThread::thread_main_inner()+0x9b
V  [libjvm.dylib+0x565412]  JavaThread::run()+0x1c2
V  [libjvm.dylib+0x484f82]  java_start(Thread*)+0xf6
C  [libsystem_pthread.dylib+0x393b]  _pthread_body+0xb4
C  [libsystem_pthread.dylib+0x3887]  _pthread_body+0x0
C  [libsystem_pthread.dylib+0x308d]  thread_start+0xd
C  0x0000000000000000


---------------  P R O C E S S  ---------------

Java Threads: ( => current thread )
  0x00007f8f2d16c800 JavaThread "Thread-3" daemon [_thread_blocked, id=38403, stack(0x0000700005fee000,0x000070000606e000)]
  0x00007f8f2d11e800 JavaThread "JavaFX Application Thread" [_thread_in_native, id=775, stack(0x00007fff58e88000,0x00007fff59688000)]
  0x00007f8f2d8e7000 JavaThread "Thread-1" daemon [_thread_blocked, id=26631, stack(0x0000700005eeb000,0x0000700005feb000)]
  0x00007f8f2d042000 JavaThread "QuantumRenderer-0" daemon [_thread_blocked, id=21251, stack(0x0000700005de8000,0x0000700005ee8000)]
  0x00007f8f2e86b800 JavaThread "Service Thread" daemon [_thread_blocked, id=20227, stack(0x0000700005be2000,0x0000700005ce2000)]
  0x00007f8f2d81a000 JavaThread "C1 CompilerThread2" daemon [_thread_blocked, id=19715, stack(0x0000700005adf000,0x0000700005bdf000)]
  0x00007f8f2d815000 JavaThread "C2 CompilerThread1" daemon [_thread_blocked, id=19203, stack(0x00007000059dc000,0x0000700005adc000)]
  0x00007f8f2e003800 JavaThread "C2 CompilerThread0" daemon [_thread_blocked, id=18691, stack(0x00007000058d9000,0x00007000059d9000)]
  0x00007f8f2d822800 JavaThread "JDWP Command Reader" daemon [_thread_in_native, id=18179, stack(0x00007000057d6000,0x00007000058d6000)]
  0x00007f8f2e007800 JavaThread "JDWP Event Helper Thread" daemon [_thread_blocked, id=17667, stack(0x00007000056d3000,0x00007000057d3000)]
=>0x00007f8f2e006800 JavaThread "JDWP Transport Listener: dt_socket" daemon [_thread_in_vm, id=17155, stack(0x00007000055d0000,0x00007000056d0000)]
  0x00007f8f2e000800 JavaThread "Signal Dispatcher" daemon [_thread_blocked, id=16643, stack(0x00007000054cd000,0x00007000055cd000)]
  0x00007f8f2d025800 JavaThread "Finalizer" daemon [_thread_blocked, id=12547, stack(0x00007000053ca000,0x00007000054ca000)]
  0x00007f8f2d023000 JavaThread "Reference Handler" daemon [_thread_blocked, id=12035, stack(0x00007000052c7000,0x00007000053c7000)]
  0x00007f8f2e81d000 JavaThread "main" [_thread_blocked, id=7171, stack(0x0000700004cb5000,0x0000700004db5000)]

Other Threads:
  0x00007f8f2e859800 VMThread [stack: 0x00007000051c4000,0x00007000052c4000] [id=11523]
  0x00007f8f2e88d800 WatcherThread [stack: 0x0000700005ce5000,0x0000700005de5000] [id=20739]

VM state:not at safepoint (normal execution)

VM Mutex/Monitor currently owned by a thread: None

Heap:
 PSYoungGen      total 71680K, used 42941K [0x0000000795580000, 0x000000079a080000, 0x00000007c0000000)
  eden space 66560K, 61% used [0x0000000795580000,0x0000000797daf5b0,0x0000000799680000)
  from space 5120K, 35% used [0x0000000799b80000,0x0000000799d40020,0x000000079a080000)
  to   space 5120K, 0% used [0x0000000799680000,0x0000000799680000,0x0000000799b80000)
 ParOldGen       total 87552K, used 40K [0x0000000740000000, 0x0000000745580000, 0x0000000795580000)
  object space 87552K, 0% used [0x0000000740000000,0x000000074000a000,0x0000000745580000)
 Metaspace       used 7415K, capacity 7700K, committed 7808K, reserved 1056768K
  class space    used 802K, capacity 889K, committed 896K, reserved 1048576K

Card table byte_map: [0x00000001175f8000,0x00000001179f9000] byte_map_base: 0x0000000113bf8000

Marking Bits: (ParMarkBitMap*) 0x0000000107b8aeb0
 Begin Bits: [0x00000001179f9000, 0x00000001199f9000)
 End Bits:   [0x00000001199f9000, 0x000000011b9f9000)

Polling page: 0x00000001065f5000

CodeCache: size=245760Kb used=3724Kb max_used=3767Kb free=242036Kb
 bounds [0x0000000108238000, 0x00000001085f8000, 0x0000000117238000]
 total_blobs=1217 nmethods=823 adapters=316
 compilation: enabled

Compilation events (10 events):
Event: 6.633 Thread 0x00007f8f2d81a000  834       3       java.util.concurrent.atomic.AtomicBoolean::get (13 bytes)
Event: 6.633 Thread 0x00007f8f2d81a000 nmethod 834 0x00000001085a6190 code [0x00000001085a6300, 0x00000001085a64b0]
Event: 6.714 Thread 0x00007f8f2d81a000  836       3       sun.misc.FloatingDecimal$BinaryToASCIIBuffer::dtoa (1509 bytes)
Event: 6.721 Thread 0x00007f8f2d81a000 nmethod 836 0x00000001085c7850 code [0x00000001085c7ca0, 0x00000001085ca658]
Event: 16.993 Thread 0x00007f8f2d81a000  837       3       sun.misc.FloatingDecimal::getBinaryToASCIIBuffer (10 bytes)
Event: 16.993 Thread 0x00007f8f2d81a000 nmethod 837 0x00000001085a7710 code [0x00000001085a7880, 0x00000001085a7b68]
Event: 16.993 Thread 0x00007f8f2d81a000  838       3       sun.misc.FloatingDecimal$BinaryToASCIIBuffer::access$000 (6 bytes)
Event: 16.993 Thread 0x00007f8f2d81a000 nmethod 838 0x00000001085a7310 code [0x00000001085a7480, 0x00000001085a7610]
Event: 17.013 Thread 0x00007f8f2d815000  840       4       java.lang.StringBuilder::append (8 bytes)
Event: 17.021 Thread 0x00007f8f2d815000 nmethod 840 0x00000001085ae250 code [0x00000001085ae3c0, 0x00000001085ae718]

GC Heap History (8 events):
Event: 1.965 GC heap before
{Heap before GC invocations=1 (full 0):
 PSYoungGen      total 38400K, used 33280K [0x0000000795580000, 0x0000000798000000, 0x00000007c0000000)
  eden space 33280K, 100% used [0x0000000795580000,0x0000000797600000,0x0000000797600000)
  from space 5120K, 0% used [0x0000000797b00000,0x0000000797b00000,0x0000000798000000)
  to   space 5120K, 0% used [0x0000000797600000,0x0000000797600000,0x0000000797b00000)
 ParOldGen       total 87552K, used 0K [0x0000000740000000, 0x0000000745580000, 0x0000000795580000)
  object space 87552K, 0% used [0x0000000740000000,0x0000000740000000,0x0000000745580000)
 Metaspace       used 7359K, capacity 7698K, committed 7808K, reserved 1056768K
  class space    used 801K, capacity 887K, committed 896K, reserved 1048576K
Event: 1.968 GC heap after
Heap after GC invocations=1 (full 0):
 PSYoungGen      total 38400K, used 1840K [0x0000000795580000, 0x0000000798000000, 0x00000007c0000000)
  eden space 33280K, 0% used [0x0000000795580000,0x0000000795580000,0x0000000797600000)
  from space 5120K, 35% used [0x0000000797600000,0x00000007977cc030,0x0000000797b00000)
  to   space 5120K, 0% used [0x0000000797b00000,0x0000000797b00000,0x0000000798000000)
 ParOldGen       total 87552K, used 16K [0x0000000740000000, 0x0000000745580000, 0x0000000795580000)
  object space 87552K, 0% used [0x0000000740000000,0x0000000740004000,0x0000000745580000)
 Metaspace       used 7359K, capacity 7698K, committed 7808K, reserved 1056768K
  class space    used 801K, capacity 887K, committed 896K, reserved 1048576K
}
Event: 2.079 GC heap before
{Heap before GC invocations=2 (full 0):
 PSYoungGen      total 38400K, used 35120K [0x0000000795580000, 0x0000000798000000, 0x00000007c0000000)
  eden space 33280K, 100% used [0x0000000795580000,0x0000000797600000,0x0000000797600000)
  from space 5120K, 35% used [0x0000000797600000,0x00000007977cc030,0x0000000797b00000)
  to   space 5120K, 0% used [0x0000000797b00000,0x0000000797b00000,0x0000000798000000)
 ParOldGen       total 87552K, used 16K [0x0000000740000000, 0x0000000745580000, 0x0000000795580000)
  object space 87552K, 0% used [0x0000000740000000,0x0000000740004000,0x0000000745580000)
 Metaspace       used 7366K, capacity 7698K, committed 7808K, reserved 1056768K
  class space    used 801K, capacity 887K, committed 896K, reserved 1048576K
Event: 2.082 GC heap after
Heap after GC invocations=2 (full 0):
 PSYoungGen      total 38400K, used 1792K [0x0000000795580000, 0x000000079a080000, 0x00000007c0000000)
  eden space 33280K, 0% used [0x0000000795580000,0x0000000795580000,0x0000000797600000)
  from space 5120K, 35% used [0x0000000797b00000,0x0000000797cc0040,0x0000000798000000)
  to   space 5120K, 0% used [0x0000000797600000,0x0000000797600000,0x0000000797b00000)
 ParOldGen       total 87552K, used 24K [0x0000000740000000, 0x0000000745580000, 0x0000000795580000)
  object space 87552K, 0% used [0x0000000740000000,0x0000000740006000,0x0000000745580000)
 Metaspace       used 7366K, capacity 7698K, committed 7808K, reserved 1056768K
  class space    used 801K, capacity 887K, committed 896K, reserved 1048576K
}
Event: 2.182 GC heap before
{Heap before GC invocations=3 (full 0):
 PSYoungGen      total 38400K, used 35072K [0x0000000795580000, 0x000000079a080000, 0x00000007c0000000)
  eden space 33280K, 100% used [0x0000000795580000,0x0000000797600000,0x0000000797600000)
  from space 5120K, 35% used [0x0000000797b00000,0x0000000797cc0040,0x0000000798000000)
  to   space 5120K, 0% used [0x0000000797600000,0x0000000797600000,0x0000000797b00000)
 ParOldGen       total 87552K, used 24K [0x0000000740000000, 0x0000000745580000, 0x0000000795580000)
  object space 87552K, 0% used [0x0000000740000000,0x0000000740006000,0x0000000745580000)
 Metaspace       used 7367K, capacity 7698K, committed 7808K, reserved 1056768K
  class space    used 801K, capacity 887K, committed 896K, reserved 1048576K
Event: 2.184 GC heap after
Heap after GC invocations=3 (full 0):
 PSYoungGen      total 38400K, used 1776K [0x0000000795580000, 0x000000079a080000, 0x00000007c0000000)
  eden space 33280K, 0% used [0x0000000795580000,0x0000000795580000,0x0000000797600000)
  from space 5120K, 34% used [0x0000000797600000,0x00000007977bc030,0x0000000797b00000)
  to   space 5120K, 0% used [0x0000000799b80000,0x0000000799b80000,0x000000079a080000)
 ParOldGen       total 87552K, used 32K [0x0000000740000000, 0x0000000745580000, 0x0000000795580000)
  object space 87552K, 0% used [0x0000000740000000,0x0000000740008000,0x0000000745580000)
 Metaspace       used 7367K, capacity 7698K, committed 7808K, reserved 1056768K
  class space    used 801K, capacity 887K, committed 896K, reserved 1048576K
}
Event: 2.331 GC heap before
{Heap before GC invocations=4 (full 0):
 PSYoungGen      total 38400K, used 35056K [0x0000000795580000, 0x000000079a080000, 0x00000007c0000000)
  eden space 33280K, 100% used [0x0000000795580000,0x0000000797600000,0x0000000797600000)
  from space 5120K, 34% used [0x0000000797600000,0x00000007977bc030,0x0000000797b00000)
  to   space 5120K, 0% used [0x0000000799b80000,0x0000000799b80000,0x000000079a080000)
 ParOldGen       total 87552K, used 32K [0x0000000740000000, 0x0000000745580000, 0x0000000795580000)
  object space 87552K, 0% used [0x0000000740000000,0x0000000740008000,0x0000000745580000)
 Metaspace       used 7367K, capacity 7698K, committed 7808K, reserved 1056768K
  class space    used 801K, capacity 887K, committed 896K, reserved 1048576K
Event: 2.338 GC heap after
Heap after GC invocations=4 (full 0):
 PSYoungGen      total 71680K, used 1792K [0x0000000795580000, 0x000000079a080000, 0x00000007c0000000)
  eden space 66560K, 0% used [0x0000000795580000,0x0000000795580000,0x0000000799680000)
  from space 5120K, 35% used [0x0000000799b80000,0x0000000799d40020,0x000000079a080000)
  to   space 5120K, 0% used [0x0000000799680000,0x0000000799680000,0x0000000799b80000)
 ParOldGen       total 87552K, used 40K [0x0000000740000000, 0x0000000745580000, 0x0000000795580000)
  object space 87552K, 0% used [0x0000000740000000,0x000000074000a000,0x0000000745580000)
 Metaspace       used 7367K, capacity 7698K, committed 7808K, reserved 1056768K
  class space    used 801K, capacity 887K, committed 896K, reserved 1048576K
}

Deoptimization events (6 events):
Event: 1.314 Thread 0x00007f8f2e81d000 Uncommon trap: reason=unstable_if action=reinterpret pc=0x00000001083f37c8 method=java.lang.String.replace(CC)Ljava/lang/String; @ 2
Event: 1.505 Thread 0x00007f8f2e81d000 Uncommon trap: reason=class_check action=maybe_recompile pc=0x00000001084767dc method=java.util.regex.Pattern$Curly.match0(Ljava/util/regex/Matcher;IILjava/lang/CharSequence;)Z @ 170
Event: 1.719 Thread 0x00007f8f2e81d000 Uncommon trap: reason=array_check action=maybe_recompile pc=0x00000001084e0450 method=java.util.AbstractCollection.toArray([Ljava/lang/Object;)[Ljava/lang/Object; @ 119
Event: 1.719 Thread 0x00007f8f2e81d000 Uncommon trap: reason=array_check action=maybe_recompile pc=0x00000001084e0450 method=java.util.AbstractCollection.toArray([Ljava/lang/Object;)[Ljava/lang/Object; @ 119
Event: 1.719 Thread 0x00007f8f2e81d000 Uncommon trap: reason=array_check action=maybe_recompile pc=0x00000001084e0450 method=java.util.AbstractCollection.toArray([Ljava/lang/Object;)[Ljava/lang/Object; @ 119
Event: 1.719 Thread 0x00007f8f2e81d000 Uncommon trap: reason=array_check action=maybe_recompile pc=0x00000001084e0450 method=java.util.AbstractCollection.toArray([Ljava/lang/Object;)[Ljava/lang/Object; @ 119

Internal exceptions (9 events):
Event: 0.045 Thread 0x00007f8f2e81d000 Exception <a 'java/lang/NoSuchMethodError': Method sun.misc.Unsafe.defineClass(Ljava/lang/String;[BII)Ljava/lang/Class; name or signature does not match> (0x0000000795587cc0) thrown at [/Users/java_re/workspace/8-2-build-macosx-x86_64/jdk8u91/6644/hotspot
Event: 0.045 Thread 0x00007f8f2e81d000 Exception <a 'java/lang/NoSuchMethodError': Method sun.misc.Unsafe.prefetchRead(Ljava/lang/Object;J)V name or signature does not match> (0x0000000795587fa8) thrown at [/Users/java_re/workspace/8-2-build-macosx-x86_64/jdk8u91/6644/hotspot/src/share/vm/prim
Event: 0.425 Thread 0x00007f8f2e81d000 Exception <a 'java/lang/NoSuchFieldError': method resolution failed> (0x0000000795882660) thrown at [/Users/java_re/workspace/8-2-build-macosx-x86_64/jdk8u91/6644/hotspot/src/share/vm/prims/methodHandles.cpp, line 1146]
Event: 0.437 Thread 0x00007f8f2e81d000 Exception <a 'java/lang/NoSuchFieldError': method resolution failed> (0x000000079588f9e0) thrown at [/Users/java_re/workspace/8-2-build-macosx-x86_64/jdk8u91/6644/hotspot/src/share/vm/prims/methodHandles.cpp, line 1146]
Event: 0.555 Thread 0x00007f8f2e81d000 Exception <a 'java/security/PrivilegedActionException'> (0x000000079591abf8) thrown at [/Users/java_re/workspace/8-2-build-macosx-x86_64/jdk8u91/6644/hotspot/src/share/vm/prims/jvm.cpp, line 1386]
Event: 0.556 Thread 0x00007f8f2e81d000 Exception <a 'java/security/PrivilegedActionException'> (0x000000079591ae08) thrown at [/Users/java_re/workspace/8-2-build-macosx-x86_64/jdk8u91/6644/hotspot/src/share/vm/prims/jvm.cpp, line 1386]
Event: 0.556 Thread 0x00007f8f2e81d000 Exception <a 'java/security/PrivilegedActionException'> (0x000000079591e0a8) thrown at [/Users/java_re/workspace/8-2-build-macosx-x86_64/jdk8u91/6644/hotspot/src/share/vm/prims/jvm.cpp, line 1386]
Event: 0.556 Thread 0x00007f8f2e81d000 Exception <a 'java/security/PrivilegedActionException'> (0x000000079591e2b8) thrown at [/Users/java_re/workspace/8-2-build-macosx-x86_64/jdk8u91/6644/hotspot/src/share/vm/prims/jvm.cpp, line 1386]
Event: 0.556 Thread 0x00007f8f2e81d000 Exception <a 'java/lang/NullPointerException'> (0x000000079591eaa8) thrown at [/Users/java_re/workspace/8-2-build-macosx-x86_64/jdk8u91/6644/hotspot/src/share/vm/interpreter/linkResolver.cpp, line 1178]

Events (10 events):
Event: 163.197 Executing VM operation: ChangeBreakpoints
Event: 163.197 Executing VM operation: ChangeBreakpoints done
Event: 163.249 Executing VM operation: ChangeBreakpoints
Event: 163.250 Executing VM operation: ChangeBreakpoints done
Event: 170.484 Executing VM operation: ChangeBreakpoints
Event: 170.484 Executing VM operation: ChangeBreakpoints done
Event: 290.264 Executing VM operation: ChangeBreakpoints
Event: 290.264 Executing VM operation: ChangeBreakpoints done
Event: 290.266 Executing VM operation: RedefineClasses
Event: 290.273 Executing VM operation: RedefineClasses done


Dynamic libraries:
0x000000000e4e4000 	/System/Library/Frameworks/Cocoa.framework/Versions/A/Cocoa
0x000000000e4e4000 	/System/Library/Frameworks/Security.framework/Versions/A/Security
0x000000000e4e4000 	/System/Library/Frameworks/ApplicationServices.framework/Versions/A/ApplicationServices
0x000000000e4e4000 	/usr/lib/libz.1.dylib
0x000000000e4e4000 	/usr/lib/libSystem.B.dylib
0x000000000e4e4000 	/usr/lib/libobjc.A.dylib
0x000000000e4e4000 	/System/Library/Frameworks/CoreFoundation.framework/Versions/A/CoreFoundation
0x000000000e4e4000 	/System/Library/Frameworks/Foundation.framework/Versions/C/Foundation
0x000000000e4e4000 	/System/Library/Frameworks/AppKit.framework/Versions/C/AppKit
0x000000000e4e4000 	/System/Library/Frameworks/CoreData.framework/Versions/A/CoreData
0x000000000e4e4000 	/System/Library/PrivateFrameworks/RemoteViewServices.framework/Versions/A/RemoteViewServices
0x000000000e4e4000 	/System/Library/PrivateFrameworks/UIFoundation.framework/Versions/A/UIFoundation
0x000000000e4e4000 	/System/Library/PrivateFrameworks/DFRFoundation.framework/Versions/A/DFRFoundation
0x000000000e4e4000 	/usr/lib/libenergytrace.dylib
0x000000000e4e4000 	/System/Library/PrivateFrameworks/SkyLight.framework/Versions/A/SkyLight
0x000000000e4e4000 	/System/Library/Frameworks/CoreGraphics.framework/Versions/A/CoreGraphics
0x000000000e4e4000 	/usr/lib/libScreenReader.dylib
0x000000000e4e4000 	/System/Library/Frameworks/Accelerate.framework/Versions/A/Accelerate
0x000000000e4e4000 	/System/Library/Frameworks/IOSurface.framework/Versions/A/IOSurface
0x000000000e4e4000 	/System/Library/Frameworks/AudioToolbox.framework/Versions/A/AudioToolbox
0x000000000e4e4000 	/System/Library/Frameworks/AudioUnit.framework/Versions/A/AudioUnit
0x000000000e4e4000 	/System/Library/PrivateFrameworks/DataDetectorsCore.framework/Versions/A/DataDetectorsCore
0x000000000e4e4000 	/System/Library/PrivateFrameworks/DesktopServicesPriv.framework/Versions/A/DesktopServicesPriv
0x000000000e4e4000 	/System/Library/Frameworks/Carbon.framework/Versions/A/Frameworks/HIToolbox.framework/Versions/A/HIToolbox
0x000000000e4e4000 	/usr/lib/libicucore.A.dylib
0x000000000e4e4000 	/System/Library/Frameworks/QuartzCore.framework/Versions/A/QuartzCore
0x000000000e4e4000 	/System/Library/Frameworks/Carbon.framework/Versions/A/Frameworks/SpeechRecognition.framework/Versions/A/SpeechRecognition
0x000000000e4e4000 	/usr/lib/libauto.dylib
0x000000000e4e4000 	/usr/lib/libxml2.2.dylib
0x000000000e4e4000 	/System/Library/PrivateFrameworks/CoreUI.framework/Versions/A/CoreUI
0x000000000e4e4000 	/System/Library/Frameworks/CoreAudio.framework/Versions/A/CoreAudio
0x000000000e4e4000 	/System/Library/Frameworks/DiskArbitration.framework/Versions/A/DiskArbitration
0x000000000e4e4000 	/usr/lib/liblangid.dylib
0x000000000e4e4000 	/System/Library/PrivateFrameworks/MultitouchSupport.framework/Versions/A/MultitouchSupport
0x000000000e4e4000 	/System/Library/Frameworks/IOKit.framework/Versions/A/IOKit
0x000000000e4e4000 	/usr/lib/libDiagnosticMessagesClient.dylib
0x000000000e4e4000 	/System/Library/Frameworks/CoreServices.framework/Versions/A/CoreServices
0x000000000e4e4000 	/System/Library/PrivateFrameworks/PerformanceAnalysis.framework/Versions/A/PerformanceAnalysis
0x000000000e4e4000 	/System/Library/PrivateFrameworks/GenerationalStorage.framework/Versions/A/GenerationalStorage
0x000000000e4e4000 	/System/Library/Frameworks/OpenGL.framework/Versions/A/OpenGL
0x000000000e4e4000 	/System/Library/Frameworks/CoreImage.framework/Versions/A/CoreImage
0x000000000e4e4000 	/System/Library/Frameworks/CoreText.framework/Versions/A/CoreText
0x000000000e4e4000 	/System/Library/Frameworks/ImageIO.framework/Versions/A/ImageIO
0x000000000e4e4000 	/System/Library/PrivateFrameworks/Backup.framework/Versions/A/Backup
0x000000000e4e4000 	/usr/lib/libarchive.2.dylib
0x000000000e4e4000 	/System/Library/Frameworks/CFNetwork.framework/Versions/A/CFNetwork
0x000000000e4e4000 	/System/Library/Frameworks/SystemConfiguration.framework/Versions/A/SystemConfiguration
0x000000000e4e4000 	/usr/lib/libCRFSuite.dylib
0x000000000e4e4000 	/usr/lib/libc++.1.dylib
0x000000000e4e4000 	/usr/lib/libc++abi.dylib
0x000000000e4e4000 	/usr/lib/system/libcache.dylib
0x000000000e4e4000 	/usr/lib/system/libcommonCrypto.dylib
0x000000000e4e4000 	/usr/lib/system/libcompiler_rt.dylib
0x000000000e4e4000 	/usr/lib/system/libcopyfile.dylib
0x000000000e4e4000 	/usr/lib/system/libcorecrypto.dylib
0x000000000e4e4000 	/usr/lib/system/libdispatch.dylib
0x000000000e4e4000 	/usr/lib/system/libdyld.dylib
0x000000000e4e4000 	/usr/lib/system/libkeymgr.dylib
0x000000000e4e4000 	/usr/lib/system/liblaunch.dylib
0x000000000e4e4000 	/usr/lib/system/libmacho.dylib
0x000000000e4e4000 	/usr/lib/system/libquarantine.dylib
0x000000000e4e4000 	/usr/lib/system/libremovefile.dylib
0x000000000e4e4000 	/usr/lib/system/libsystem_asl.dylib
0x000000000e4e4000 	/usr/lib/system/libsystem_blocks.dylib
0x000000000e4e4000 	/usr/lib/system/libsystem_c.dylib
0x000000000e4e4000 	/usr/lib/system/libsystem_configuration.dylib
0x000000000e4e4000 	/usr/lib/system/libsystem_coreservices.dylib
0x000000000e4e4000 	/usr/lib/system/libsystem_coretls.dylib
0x000000000e4e4000 	/usr/lib/system/libsystem_dnssd.dylib
0x000000000e4e4000 	/usr/lib/system/libsystem_info.dylib
0x000000000e4e4000 	/usr/lib/system/libsystem_kernel.dylib
0x000000000e4e4000 	/usr/lib/system/libsystem_m.dylib
0x000000000e4e4000 	/usr/lib/system/libsystem_malloc.dylib
0x000000000e4e4000 	/usr/lib/system/libsystem_network.dylib
0x000000000e4e4000 	/usr/lib/system/libsystem_networkextension.dylib
0x000000000e4e4000 	/usr/lib/system/libsystem_notify.dylib
0x000000000e4e4000 	/usr/lib/system/libsystem_platform.dylib
0x000000000e4e4000 	/usr/lib/system/libsystem_pthread.dylib
0x000000000e4e4000 	/usr/lib/system/libsystem_sandbox.dylib
0x000000000e4e4000 	/usr/lib/system/libsystem_secinit.dylib
0x000000000e4e4000 	/usr/lib/system/libsystem_symptoms.dylib
0x000000000e4e4000 	/usr/lib/system/libsystem_trace.dylib
0x000000000e4e4000 	/usr/lib/system/libunwind.dylib
0x000000000e4e4000 	/usr/lib/system/libxpc.dylib
0x000000000e4e4000 	/usr/lib/libbsm.0.dylib
0x000000000e4e4000 	/usr/lib/system/libkxld.dylib
0x000000000e4e4000 	/usr/lib/libcoretls.dylib
0x000000000e4e4000 	/usr/lib/libcoretls_cfhelpers.dylib
0x000000000e4e4000 	/usr/lib/libOpenScriptingUtil.dylib
0x000000000e4e4000 	/usr/lib/libpam.2.dylib
0x000000000e4e4000 	/usr/lib/libsqlite3.dylib
0x000000000e4e4000 	/usr/lib/libxar.1.dylib
0x000000000e4e4000 	/usr/lib/libbz2.1.0.dylib
0x000000000e4e4000 	/usr/lib/liblzma.5.dylib
0x000000000e4e4000 	/usr/lib/libnetwork.dylib
0x000000000e4e4000 	/usr/lib/libpcap.A.dylib
0x000000000e4e4000 	/System/Library/Frameworks/CoreServices.framework/Versions/A/Frameworks/FSEvents.framework/Versions/A/FSEvents
0x000000000e4e4000 	/System/Library/Frameworks/CoreServices.framework/Versions/A/Frameworks/CarbonCore.framework/Versions/A/CarbonCore
0x000000000e4e4000 	/System/Library/Frameworks/CoreServices.framework/Versions/A/Frameworks/Metadata.framework/Versions/A/Metadata
0x000000000e4e4000 	/System/Library/Frameworks/CoreServices.framework/Versions/A/Frameworks/OSServices.framework/Versions/A/OSServices
0x000000000e4e4000 	/System/Library/Frameworks/CoreServices.framework/Versions/A/Frameworks/SearchKit.framework/Versions/A/SearchKit
0x000000000e4e4000 	/System/Library/Frameworks/CoreServices.framework/Versions/A/Frameworks/AE.framework/Versions/A/AE
0x000000000e4e4000 	/System/Library/Frameworks/CoreServices.framework/Versions/A/Frameworks/LaunchServices.framework/Versions/A/LaunchServices
0x000000000e4e4000 	/System/Library/Frameworks/CoreServices.framework/Versions/A/Frameworks/DictionaryServices.framework/Versions/A/DictionaryServices
0x000000000e4e4000 	/System/Library/Frameworks/CoreServices.framework/Versions/A/Frameworks/SharedFileList.framework/Versions/A/SharedFileList
0x000000000e4e4000 	/System/Library/Frameworks/NetFS.framework/Versions/A/NetFS
0x000000000e4e4000 	/System/Library/PrivateFrameworks/NetAuth.framework/Versions/A/NetAuth
0x000000000e4e4000 	/System/Library/PrivateFrameworks/login.framework/Versions/A/Frameworks/loginsupport.framework/Versions/A/loginsupport
0x000000000e4e4000 	/System/Library/PrivateFrameworks/TCC.framework/Versions/A/TCC
0x000000000e4e4000 	/usr/lib/libmecabra.dylib
0x000000000e4e4000 	/System/Library/Frameworks/ApplicationServices.framework/Versions/A/Frameworks/ATS.framework/Versions/A/ATS
0x000000000e4e4000 	/System/Library/Frameworks/ApplicationServices.framework/Versions/A/Frameworks/ColorSync.framework/Versions/A/ColorSync
0x000000000e4e4000 	/System/Library/Frameworks/ApplicationServices.framework/Versions/A/Frameworks/HIServices.framework/Versions/A/HIServices
0x000000000e4e4000 	/System/Library/Frameworks/ApplicationServices.framework/Versions/A/Frameworks/LangAnalysis.framework/Versions/A/LangAnalysis
0x000000000e4e4000 	/System/Library/Frameworks/ApplicationServices.framework/Versions/A/Frameworks/PrintCore.framework/Versions/A/PrintCore
0x000000000e4e4000 	/System/Library/Frameworks/ApplicationServices.framework/Versions/A/Frameworks/QD.framework/Versions/A/QD
0x000000000e4e4000 	/System/Library/Frameworks/ApplicationServices.framework/Versions/A/Frameworks/SpeechSynthesis.framework/Versions/A/SpeechSynthesis
0x000000000e4e4000 	/System/Library/Frameworks/Accelerate.framework/Versions/A/Frameworks/vImage.framework/Versions/A/vImage
0x000000000e4e4000 	/System/Library/Frameworks/Accelerate.framework/Versions/A/Frameworks/vecLib.framework/Versions/A/vecLib
0x000000000e4e4000 	/System/Library/Frameworks/Accelerate.framework/Versions/A/Frameworks/vecLib.framework/Versions/A/libvDSP.dylib
0x000000000e4e4000 	/System/Library/Frameworks/Accelerate.framework/Versions/A/Frameworks/vecLib.framework/Versions/A/libBNNS.dylib
0x000000000e4e4000 	/System/Library/Frameworks/Accelerate.framework/Versions/A/Frameworks/vecLib.framework/Versions/A/libQuadrature.dylib
0x000000000e4e4000 	/System/Library/Frameworks/Accelerate.framework/Versions/A/Frameworks/vecLib.framework/Versions/A/libvMisc.dylib
0x000000000e4e4000 	/System/Library/Frameworks/Accelerate.framework/Versions/A/Frameworks/vecLib.framework/Versions/A/libLAPACK.dylib
0x000000000e4e4000 	/System/Library/Frameworks/Accelerate.framework/Versions/A/Frameworks/vecLib.framework/Versions/A/libBLAS.dylib
0x000000000e4e4000 	/System/Library/Frameworks/Accelerate.framework/Versions/A/Frameworks/vecLib.framework/Versions/A/libLinearAlgebra.dylib
0x000000000e4e4000 	/System/Library/Frameworks/Accelerate.framework/Versions/A/Frameworks/vecLib.framework/Versions/A/libSparseBLAS.dylib
0x000000000e4e4000 	/System/Library/Frameworks/ApplicationServices.framework/Versions/A/Frameworks/ATS.framework/Versions/A/Resources/libFontParser.dylib
0x000000000e4e4000 	/System/Library/Frameworks/ApplicationServices.framework/Versions/A/Frameworks/ATS.framework/Versions/A/Resources/libFontRegistry.dylib
0x000000000e4e4000 	/System/Library/Frameworks/ImageIO.framework/Versions/A/Resources/libJPEG.dylib
0x000000000e4e4000 	/System/Library/Frameworks/ImageIO.framework/Versions/A/Resources/libTIFF.dylib
0x000000000e4e4000 	/System/Library/Frameworks/ImageIO.framework/Versions/A/Resources/libPng.dylib
0x000000000e4e4000 	/System/Library/Frameworks/ImageIO.framework/Versions/A/Resources/libGIF.dylib
0x000000000e4e4000 	/System/Library/Frameworks/ImageIO.framework/Versions/A/Resources/libJP2.dylib
0x000000000e4e4000 	/System/Library/Frameworks/ImageIO.framework/Versions/A/Resources/libRadiance.dylib
0x000000000e4e4000 	/usr/lib/libcompression.dylib
0x000000000e4e4000 	/System/Library/PrivateFrameworks/AppleJPEG.framework/Versions/A/AppleJPEG
0x000000000e4e4000 	/usr/lib/libcups.2.dylib
0x000000000e4e4000 	/System/Library/Frameworks/Kerberos.framework/Versions/A/Kerberos
0x000000000e4e4000 	/System/Library/Frameworks/GSS.framework/Versions/A/GSS
0x000000000e4e4000 	/usr/lib/libresolv.9.dylib
0x000000000e4e4000 	/usr/lib/libiconv.2.dylib
0x000000000e4e4000 	/System/Library/PrivateFrameworks/Heimdal.framework/Versions/A/Heimdal
0x000000000e4e4000 	/usr/lib/libheimdal-asn1.dylib
0x000000000e4e4000 	/System/Library/Frameworks/OpenDirectory.framework/Versions/A/OpenDirectory
0x000000000e4e4000 	/System/Library/PrivateFrameworks/CommonAuth.framework/Versions/A/CommonAuth
0x000000000e4e4000 	/System/Library/Frameworks/OpenDirectory.framework/Versions/A/Frameworks/CFOpenDirectory.framework/Versions/A/CFOpenDirectory
0x000000000e4e4000 	/System/Library/Frameworks/SecurityFoundation.framework/Versions/A/SecurityFoundation
0x000000000e4e4000 	/System/Library/PrivateFrameworks/LanguageModeling.framework/Versions/A/LanguageModeling
0x000000000e4e4000 	/usr/lib/libmarisa.dylib
0x000000000e4e4000 	/usr/lib/libChineseTokenizer.dylib
0x000000000e4e4000 	/usr/lib/libcmph.dylib
0x000000000e4e4000 	/System/Library/PrivateFrameworks/CoreEmoji.framework/Versions/A/CoreEmoji
0x000000000e4e4000 	/System/Library/Frameworks/ServiceManagement.framework/Versions/A/ServiceManagement
0x000000000e4e4000 	/usr/lib/libxslt.1.dylib
0x000000000e4e4000 	/System/Library/Frameworks/Carbon.framework/Versions/A/Frameworks/Ink.framework/Versions/A/Ink
0x000000000e4e4000 	/System/Library/PrivateFrameworks/TextureIO.framework/Versions/A/TextureIO
0x000000000e4e4000 	/System/Library/Frameworks/Metal.framework/Versions/A/Metal
0x000000000e4e4000 	/usr/lib/libate.dylib
0x000000000e4e4000 	/System/Library/PrivateFrameworks/GPUCompiler.framework/libmetal_timestamp.dylib
0x000000000e4e4000 	/System/Library/Frameworks/OpenGL.framework/Versions/A/Libraries/libCoreFSCache.dylib
0x000000000e4e4000 	/System/Library/PrivateFrameworks/IOAccelerator.framework/Versions/A/IOAccelerator
0x000000000e4e4000 	/System/Library/Frameworks/CoreVideo.framework/Versions/A/CoreVideo
0x000000000e4e4000 	/usr/lib/libFosl_dynamic.dylib
0x000000000e4e4000 	/System/Library/PrivateFrameworks/MetalPerformanceShaders.framework/Versions/A/MetalPerformanceShaders
0x000000000e4e4000 	/System/Library/PrivateFrameworks/FaceCore.framework/Versions/A/FaceCore
0x000000000e4e4000 	/System/Library/Frameworks/OpenCL.framework/Versions/A/OpenCL
0x000000000e4e4000 	/System/Library/Frameworks/OpenGL.framework/Versions/A/Libraries/libGLU.dylib
0x000000000e4e4000 	/System/Library/Frameworks/OpenGL.framework/Versions/A/Libraries/libGFXShared.dylib
0x000000000e4e4000 	/System/Library/Frameworks/OpenGL.framework/Versions/A/Libraries/libGL.dylib
0x000000000e4e4000 	/System/Library/Frameworks/OpenGL.framework/Versions/A/Libraries/libGLImage.dylib
0x000000000e4e4000 	/System/Library/Frameworks/OpenGL.framework/Versions/A/Libraries/libCVMSPluginSupport.dylib
0x000000000e4e4000 	/System/Library/Frameworks/OpenGL.framework/Versions/A/Libraries/libCoreVMClient.dylib
0x000000000e4e4000 	/System/Library/PrivateFrameworks/CrashReporterSupport.framework/Versions/A/CrashReporterSupport
0x000000000e4e4000 	/System/Library/PrivateFrameworks/Sharing.framework/Versions/A/Sharing
0x000000000e4e4000 	/System/Library/PrivateFrameworks/IconServices.framework/Versions/A/IconServices
0x000000000e4e4000 	/System/Library/PrivateFrameworks/ProtocolBuffer.framework/Versions/A/ProtocolBuffer
0x000000000e4e4000 	/System/Library/PrivateFrameworks/Apple80211.framework/Versions/A/Apple80211
0x000000000e4e4000 	/System/Library/Frameworks/CoreWLAN.framework/Versions/A/CoreWLAN
0x000000000e4e4000 	/System/Library/PrivateFrameworks/CoreUtils.framework/Versions/A/CoreUtils
0x000000000e4e4000 	/System/Library/Frameworks/IOBluetooth.framework/Versions/A/IOBluetooth
0x000000000e4e4000 	/System/Library/PrivateFrameworks/CoreWiFi.framework/Versions/A/CoreWiFi
0x000000000e4e4000 	/System/Library/Frameworks/CoreBluetooth.framework/Versions/A/CoreBluetooth
0x000000000e4e4000 	/System/Library/Frameworks/CoreDisplay.framework/Versions/A/CoreDisplay
0x000000000e4e4000 	/System/Library/PrivateFrameworks/IOPresentment.framework/Versions/A/IOPresentment
0x000000000e4e4000 	/System/Library/PrivateFrameworks/DSExternalDisplay.framework/Versions/A/DSExternalDisplay
0x000000000e4e4000 	/System/Library/PrivateFrameworks/DebugSymbols.framework/Versions/A/DebugSymbols
0x000000000e4e4000 	/System/Library/PrivateFrameworks/CoreSymbolication.framework/Versions/A/CoreSymbolication
0x000000000e4e4000 	/System/Library/PrivateFrameworks/Symbolication.framework/Versions/A/Symbolication
0x000000000e4e4000 	/System/Library/PrivateFrameworks/AppleFSCompression.framework/Versions/A/AppleFSCompression
0x000000000e4e4000 	/System/Library/PrivateFrameworks/SpeechRecognitionCore.framework/Versions/A/SpeechRecognitionCore
0x000000000e4e4000 	/System/Library/PrivateFrameworks/ChunkingLibrary.framework/Versions/A/ChunkingLibrary
0x00000001072a4000 	/Library/Java/JavaVirtualMachines/jdk1.8.0_91.jdk/Contents/Home/jre/lib/server/libjvm.dylib
0x000000000e4e4000 	/usr/lib/libstdc++.6.dylib
0x0000000106e00000 	/Library/Java/JavaVirtualMachines/jdk1.8.0_91.jdk/Contents/Home/jre/lib/libverify.dylib
0x0000000106e0e000 	/Library/Java/JavaVirtualMachines/jdk1.8.0_91.jdk/Contents/Home/jre/lib/libjava.dylib
0x0000000106e43000 	/Library/Java/JavaVirtualMachines/jdk1.8.0_91.jdk/Contents/Home/jre/lib/libjdwp.dylib
0x00000001065f6000 	/Library/Java/JavaVirtualMachines/jdk1.8.0_91.jdk/Contents/Home/jre/lib/libnpt.dylib
0x0000000106e96000 	/Library/Java/JavaVirtualMachines/jdk1.8.0_91.jdk/Contents/Home/jre/lib/libzip.dylib
0x000000011d824000 	/System/Library/Frameworks/JavaVM.framework/Frameworks/JavaRuntimeSupport.framework/JavaRuntimeSupport
0x000000011d83e000 	/System/Library/Frameworks/JavaVM.framework/Versions/A/Frameworks/JavaNativeFoundation.framework/Versions/A/JavaNativeFoundation
0x000000011d853000 	/System/Library/Frameworks/JavaVM.framework/Versions/A/JavaVM
0x000000000e4e4000 	/System/Library/Frameworks/Carbon.framework/Versions/A/Carbon
0x000000011d860000 	/System/Library/PrivateFrameworks/JavaLaunching.framework/Versions/A/JavaLaunching
0x000000000e4e4000 	/System/Library/Frameworks/Carbon.framework/Versions/A/Frameworks/CommonPanels.framework/Versions/A/CommonPanels
0x000000000e4e4000 	/System/Library/Frameworks/Carbon.framework/Versions/A/Frameworks/Help.framework/Versions/A/Help
0x000000000e4e4000 	/System/Library/Frameworks/Carbon.framework/Versions/A/Frameworks/ImageCapture.framework/Versions/A/ImageCapture
0x000000000e4e4000 	/System/Library/Frameworks/Carbon.framework/Versions/A/Frameworks/OpenScripting.framework/Versions/A/OpenScripting
0x000000000e4e4000 	/System/Library/Frameworks/Carbon.framework/Versions/A/Frameworks/Print.framework/Versions/A/Print
0x000000000e4e4000 	/System/Library/Frameworks/Carbon.framework/Versions/A/Frameworks/SecurityHI.framework/Versions/A/SecurityHI
0x000000011f165000 	/Library/Java/JavaVirtualMachines/jdk1.8.0_91.jdk/Contents/Home/jre/lib/libdt_socket.dylib
0x000000011f31f000 	/Library/Java/JavaVirtualMachines/jdk1.8.0_91.jdk/Contents/Home/jre/lib/libprism_es2.dylib
0x000000011f385000 	/System/Library/Frameworks/OpenGL.framework/Resources/GLEngine.bundle/GLEngine
0x000000000e4e4000 	/System/Library/Frameworks/OpenGL.framework/Versions/A/Libraries/libGLProgrammability.dylib
0x000000011f56a000 	/System/Library/Extensions/AppleIntelBDWGraphicsGLDriver.bundle/Contents/MacOS/AppleIntelBDWGraphicsGLDriver
0x000000000e4e4000 	/System/Library/PrivateFrameworks/GPUSupport.framework/Versions/A/Libraries/libGPUSupportMercury.dylib
0x000000011fcd7000 	/System/Library/Frameworks/OpenGL.framework/Resources//GLRendererFloat.bundle/GLRendererFloat
0x000000000e4e4000 	/System/Library/Frameworks/OpenCL.framework/Versions/A/Libraries/libcldcpuengine.dylib
0x000000000e4e4000 	/usr/lib/libcrypto.0.9.8.dylib
0x000000000e4e4000 	/System/Library/PrivateFrameworks/TrustEvaluationAgent.framework/Versions/A/TrustEvaluationAgent
0x00000001200fa000 	/Library/Java/JavaVirtualMachines/jdk1.8.0_91.jdk/Contents/Home/jre/lib/libglass.dylib
0x000000000e4e4000 	/System/Library/PrivateFrameworks/CoreServicesInternal.framework/Versions/A/CoreServicesInternal
0x000000000e4e4000 	/System/Library/CoreServices/RawCamera.bundle/Contents/MacOS/RawCamera
0x000000000e4e4000 	/System/Library/Frameworks/Accelerate.framework/Versions/A/Frameworks/vImage.framework/Versions/A/Libraries/libCGInterfaces.dylib
0x000000000e4e4000 	/System/Library/PrivateFrameworks/FamilyControls.framework/Versions/A/FamilyControls
0x000000000e4e4000 	/System/Library/PrivateFrameworks/CommerceKit.framework/Versions/A/Frameworks/CommerceCore.framework/Versions/A/CommerceCore
0x000000000e4e4000 	/System/Library/PrivateFrameworks/SystemAdministration.framework/Versions/A/SystemAdministration
0x000000000e4e4000 	/System/Library/PrivateFrameworks/AppContainer.framework/Versions/A/AppContainer
0x000000000e4e4000 	/System/Library/PrivateFrameworks/SecCodeWrapper.framework/Versions/A/SecCodeWrapper
0x000000000e4e4000 	/System/Library/Frameworks/DirectoryService.framework/Versions/A/DirectoryService
0x000000000e4e4000 	/System/Library/PrivateFrameworks/DiskImages.framework/Versions/A/DiskImages
0x000000000e4e4000 	/System/Library/PrivateFrameworks/LoginUIKit.framework/Versions/A/Frameworks/LoginUICore.framework/Versions/A/LoginUICore
0x000000000e4e4000 	/usr/lib/libCoreStorage.dylib
0x000000000e4e4000 	/usr/lib/libcsfde.dylib
0x000000000e4e4000 	/usr/lib/libodfde.dylib
0x000000000e4e4000 	/System/Library/Frameworks/DiscRecording.framework/Versions/A/DiscRecording
0x000000000e4e4000 	/usr/lib/libcurl.4.dylib
0x000000000e4e4000 	/System/Library/PrivateFrameworks/MediaKit.framework/Versions/A/MediaKit
0x000000000e4e4000 	/System/Library/PrivateFrameworks/ProtectedCloudStorage.framework/Versions/A/ProtectedCloudStorage
0x000000000e4e4000 	/System/Library/PrivateFrameworks/EFILogin.framework/Versions/A/EFILogin
0x000000000e4e4000 	/usr/lib/libutil.dylib
0x000000000e4e4000 	/System/Library/Frameworks/LDAP.framework/Versions/A/LDAP
0x000000000e4e4000 	/usr/lib/libsasl2.2.dylib
0x000000000e4e4000 	/System/Library/PrivateFrameworks/CoreDaemon.framework/Versions/B/CoreDaemon
0x000000000e4e4000 	/System/Library/PrivateFrameworks/AppleSRP.framework/Versions/A/AppleSRP
0x000000000e4e4000 	/System/Library/PrivateFrameworks/APFS.framework/Versions/A/APFS
0x000000012333d000 	/Library/Java/JavaVirtualMachines/jdk1.8.0_91.jdk/Contents/Home/jre/lib/libnet.dylib
0x000000012339c000 	/Library/Java/JavaVirtualMachines/jdk1.8.0_91.jdk/Contents/Home/jre/lib/libnio.dylib
0x000000000e4e4000 	/System/Library/Frameworks/ApplicationServices.framework/Versions/A/Frameworks/ATS.framework/Versions/A/Resources/libTrueTypeScaler.dylib
0x00000001242a0000 	/System/Library/Extensions/AppleIntelBDWGraphicsMTLDriver.bundle/Contents/MacOS/AppleIntelBDWGraphicsMTLDriver
0x000000000e4e4000 	/System/Library/PrivateFrameworks/ViewBridge.framework/Versions/A/ViewBridge
0x000000000e4e4000 	/System/Library/PrivateFrameworks/XPCService.framework/Versions/A/XPCService
0x000000000e4e4000 	/System/Library/PrivateFrameworks/AppSandbox.framework/Versions/A/AppSandbox
0x000000000e4e4000 	/usr/lib/libsandbox.1.dylib
0x000000000e4e4000 	/usr/lib/libMatch.1.dylib

VM Arguments:
jvm_args: -agentlib:jdwp=transport=dt_socket,address=127.0.0.1:56310,suspend=y,server=n -Dfile.encoding=UTF-8 
java_command: edu.srjc.A7.EnergyUsageUI.UIViewController
java_class_path (initial): /Library/Java/JavaVirtualMachines/jdk1.8.0_91.jdk/Contents/Home/jre/lib/charsets.jar:/Library/Java/JavaVirtualMachines/jdk1.8.0_91.jdk/Contents/Home/jre/lib/deploy.jar:/Library/Java/JavaVirtualMachines/jdk1.8.0_91.jdk/Contents/Home/jre/lib/ext/cldrdata.jar:/Library/Java/JavaVirtualMachines/jdk1.8.0_91.jdk/Contents/Home/jre/lib/ext/dnsns.jar:/Library/Java/JavaVirtualMachines/jdk1.8.0_91.jdk/Contents/Home/jre/lib/ext/jaccess.jar:/Library/Java/JavaVirtualMachines/jdk1.8.0_91.jdk/Contents/Home/jre/lib/ext/jfxrt.jar:/Library/Java/JavaVirtualMachines/jdk1.8.0_91.jdk/Contents/Home/jre/lib/ext/localedata.jar:/Library/Java/JavaVirtualMachines/jdk1.8.0_91.jdk/Contents/Home/jre/lib/ext/nashorn.jar:/Library/Java/JavaVirtualMachines/jdk1.8.0_91.jdk/Contents/Home/jre/lib/ext/sunec.jar:/Library/Java/JavaVirtualMachines/jdk1.8.0_91.jdk/Contents/Home/jre/lib/ext/sunjce_provider.jar:/Library/Java/JavaVirtualMachines/jdk1.8.0_91.jdk/Contents/Home/jre/lib/ext/sunpkcs11.jar:/Library/Java/JavaVirtualMachines/jdk1.8.0_91.jdk/Contents/Home/jre/lib/ext/zipfs.jar:/Library/Java/JavaVirtualMachines/jdk1.8.0_91.jdk/Contents/Home/jre/lib/javaws.jar:/Library/Java/JavaVirtualMachines/jdk1.8.0_91.jdk/Contents/Home/jre/lib/jce.jar:/Library/Java/JavaVirtualMachines/jdk1.8.0_91.jdk/Contents/Home/jre/lib/jfr.jar:/Library/Java/JavaVirtualMachines/jdk1.8.0_91.jdk/Contents/Home/jre/lib/jfxswt.jar:/Library/Java/JavaVirtualMachines/jdk1.8.0_91.jdk/Contents/Home/jre/lib/jsse.jar:/Library/Java/JavaVirtualMachines/jdk1.8.0_91.jdk/Contents/Home/jre/lib/management-agent.jar:/Library/Java/JavaVirtualMachines/jdk1.8.0_91.jdk/Contents/Home/jre/lib/plugin.jar:/Library/Java/JavaVirtualMachines/jdk1.8.0_91.jdk/Contents/Home/jre/lib/resources.jar:/Library/Java/JavaVirtualMachines/jdk1.8.0_91.jdk/Contents/Home/jre/lib/rt.jar:/Library/Java/JavaVirtualMachines/jdk1.8.0_91.jdk/Contents/Home/lib/ant-javafx.jar:/Library/Java/JavaVirtualMachines/jdk1.8.0_91.jdk/Contents/Home/lib/dt.jar:/Library/Ja
Launcher Type: SUN_STANDARD

Environment Variables:
PATH=/Users/kyleobrien/.rbenv/shims:/Users/kyleobrien/.cargo/bin:/Library/Frameworks/Python.framework/Versions/3.5/bin:/usr/local/bin:/usr/bin:/bin:/usr/sbin:/sbin:/opt/X11/bin:/usr/local/share/dotnet:/usr/local/go/bin:/Library/Frameworks/Mono.framework/Versions/Current/Commands:/Library/TeX/texbin:/usr/local/mongodb/bin:/Users/kyleobrien/.rvm/bin
SHELL=/bin/bash
DISPLAY=/private/tmp/com.apple.launchd.i264CKH315/org.macosforge.xquartz:0

Signal Handlers:
SIGSEGV: [libjvm.dylib+0x5a97a1], sa_mask[0]=11111111011111110111111111111111, sa_flags=SA_ONSTACK|SA_RESTART|SA_SIGINFO
SIGBUS: [libjvm.dylib+0x5a97a1], sa_mask[0]=11111111011111110111111111111111, sa_flags=SA_RESTART|SA_SIGINFO
SIGFPE: [libjvm.dylib+0x482594], sa_mask[0]=11111111011111110111111111111111, sa_flags=SA_RESTART|SA_SIGINFO
SIGPIPE: [libjvm.dylib+0x482594], sa_mask[0]=11111111011111110111111111111111, sa_flags=SA_RESTART|SA_SIGINFO
SIGXFSZ: [libjvm.dylib+0x482594], sa_mask[0]=11111111011111110111111111111111, sa_flags=SA_RESTART|SA_SIGINFO
SIGILL: [libjvm.dylib+0x482594], sa_mask[0]=11111111011111110111111111111111, sa_flags=SA_RESTART|SA_SIGINFO
SIGUSR1: SIG_DFL, sa_mask[0]=00000000000000000000000000000000, sa_flags=none
SIGUSR2: [libjvm.dylib+0x4820b2], sa_mask[0]=00100000000000000000000000000000, sa_flags=SA_RESTART|SA_SIGINFO
SIGHUP: [libjvm.dylib+0x480689], sa_mask[0]=11111111011111110111111111111111, sa_flags=SA_RESTART|SA_SIGINFO
SIGINT: [libjvm.dylib+0x480689], sa_mask[0]=11111111011111110111111111111111, sa_flags=SA_RESTART|SA_SIGINFO
SIGTERM: [libjvm.dylib+0x480689], sa_mask[0]=11111111011111110111111111111111, sa_flags=SA_RESTART|SA_SIGINFO
SIGQUIT: [libjvm.dylib+0x480689], sa_mask[0]=11111111011111110111111111111111, sa_flags=SA_RESTART|SA_SIGINFO


---------------  S Y S T E M  ---------------

OS:Bsduname:Darwin 16.7.0 Darwin Kernel Version 16.7.0: Wed Oct  4 00:17:00 PDT 2017; root:xnu-3789.71.6~1/RELEASE_X86_64 x86_64
rlimit: STACK 8192k, CORE 0k, NPROC 709, NOFILE 10240, AS infinity
load average:8.21 6.41 6.15

CPU:total 4 (2 cores per cpu, 2 threads per core) family 6 model 61 stepping 4, cmov, cx8, fxsr, mmx, sse, sse2, sse3, ssse3, sse4.1, sse4.2, popcnt, avx, avx2, aes, clmul, erms, 3dnowpref, lzcnt, ht, tsc, tscinvbit, bmi1, bmi2, adx

Memory: 4k page, physical 8388608k(81708k free)

/proc/meminfo:


vm_info: Java HotSpot(TM) 64-Bit Server VM (25.91-b14) for bsd-amd64 JRE (1.8.0_91-b14), built on Apr  1 2016 01:03:00 by "java_re" with gcc 4.2.1 (Based on Apple Inc. build 5658) (LLVM build 2336.11.00)

time: Wed Nov 15 11:44:17 2017
elapsed time: 290 seconds (0d 0h 4m 50s)

