#
# A fatal error has been detected by the Java Runtime Environment:
#
#  SIGSEGV (0xb) at pc=0x000000010ac48366, pid=12979, tid=17155
#
# JRE version: Java(TM) SE Runtime Environment (8.0_91-b14) (build 1.8.0_91-b14)
# Java VM: Java HotSpot(TM) 64-Bit Server VM (25.91-b14 mixed mode bsd-amd64 compressed oops)
# Problematic frame:
# V  [libjvm.dylib+0x448366]  Method::checked_resolve_jmethod_id(_jmethodID*)+0x1c
#
# Failed to write core dump. Core dumps have been disabled. To enable core dumping, try "ulimit -c unlimited" before starting Java again
#
# If you would like to submit a bug report, please visit:
#   http://bugreport.java.com/bugreport/crash.jsp
#

---------------  T H R E A D  ---------------

Current thread (0x00007f9c2e86e800):  JavaThread "JDWP Transport Listener: dt_socket" daemon [_thread_in_vm, id=17155, stack(0x0000700008d1c000,0x0000700008e1c000)]

siginfo: si_signo: 11 (SIGSEGV), si_code: 0 (unknown), si_addr: 0x0000000000000000

Registers:
RAX=0x0000000000000001, RBX=0x65c0e00007f9c2ce, RCX=0x000000010b018340, RDX=0x0000700008e1ba8b
RSP=0x0000700008e1b9d0, RBP=0x0000700008e1b9e0, RSI=0x00007f9c2e86e800, RDI=0x00007f9c2ce60002
R8 =0x0000000000000000, R9 =0x000000000000062b, R10=0x0000000000000001, R11=0x0000000000000009
R12=0x00007f9c2e86e800, R13=0x00007f9c2ce60002, R14=0x00007f9c2ce60002, R15=0x00007f9c2cc0ee90
RIP=0x000000010ac48366, EFLAGS=0x0000000000010202, ERR=0x0000000000000000
  TRAPNO=0x000000000000000d

Top of Stack: (sp=0x0000700008e1b9d0)
0x0000700008e1b9d0:   0000700008e1ba8b 0000700008e1ba8b
0x0000700008e1b9e0:   0000700008e1ba40 000000010ab57316
0x0000700008e1b9f0:   00007f9c2e86e800 0000000000000000
0x0000700008e1ba00:   0000000000000000 0000000000000000
0x0000700008e1ba10:   00007f9c2e86e800 00007f9c2e86e800
0x0000700008e1ba20:   0000700008e1ba8b 0000700008e1ba90
0x0000700008e1ba30:   00007f9c2ce60002 0000000000000006
0x0000700008e1ba40:   0000700008e1ba60 0000000109e70780
0x0000700008e1ba50:   0000000000000001 0000700008e1bb08
0x0000700008e1ba60:   0000700008e1bad0 0000000109e551f3
0x0000700008e1ba70:   0000700008e1baa0 00007f9c2ce45a40
0x0000700008e1ba80:   0000000700000032 0000000a00e1bb08
0x0000700008e1ba90:   0000000000000000 0000000000000000
0x0000700008e1baa0:   0000000000000000 0000700008e1bc90
0x0000700008e1bab0:   0000000109e77e7a 00007f9c2cc4a390
0x0000700008e1bac0:   0000700008e1bb08 0000000109e83598
0x0000700008e1bad0:   0000700008e1bae0 0000000109e552ec
0x0000700008e1bae0:   0000700008e1bd00 0000000109e5e898
0x0000700008e1baf0:   0000904d00000013 00000000000f0200
0x0000700008e1bb00:   00007f9c2cc42720 00007f9c2ce62af7
0x0000700008e1bb10:   00007f9c00000091 00007f9c2ce46290
0x0000700008e1bb20:   00007f9c0000012c 0000700008e1bb58
0x0000700008e1bb30:   00007f9c2ce46290 0000000000000000
0x0000700008e1bb40:   0000904d0000000f 0000000000000080
0x0000700008e1bb50:   0000700008e1bb58 9c7f000007000000
0x0000700008e1bb60:   0f0000007097da2c 745374736574616c
0x0000700008e1bb70:   0065746144747261 76616a4c284a0000
0x0000700008e1bb80:   532f676e616c2f61 6a4c3b676e697274
0x0000700008e1bb90:   676e616c2f617661 3b676e697274532f
0x0000700008e1bba0:   616c2f6176616a4c 6e697274532f676e
0x0000700008e1bbb0:   6176616a4c293b67 74532f676e616c2f
0x0000700008e1bbc0:   0000003b676e6972 7f00000a00000000 

Instructions: (pc=0x000000010ac48366)
0x000000010ac48346:   31 c0 5d c3 55 48 89 e5 53 48 83 ec 08 48 85 ff
0x000000010ac48356:   74 24 48 8b 1f 48 85 db 74 1c 48 83 fb 37 74 16
0x000000010ac48366:   48 8b 03 48 89 df ff 50 10 84 c0 b8 00 00 00 00
0x000000010ac48376:   48 0f 45 c3 eb 02 31 c0 48 83 c4 08 5b 5d c3 90 

Register to memory mapping:

RAX=0x0000000000000001 is an unknown value
RBX=0x65c0e00007f9c2ce is an unknown value
RCX=0x000000010b018340: UseMembar+0 in /Library/Java/JavaVirtualMachines/jdk1.8.0_91.jdk/Contents/Home/jre/lib/server/libjvm.dylib at 0x000000010a800000
RDX=0x0000700008e1ba8b is pointing into the stack for thread: 0x00007f9c2e86e800
RSP=0x0000700008e1b9d0 is pointing into the stack for thread: 0x00007f9c2e86e800
RBP=0x0000700008e1b9e0 is pointing into the stack for thread: 0x00007f9c2e86e800
RSI=0x00007f9c2e86e800 is a thread
RDI=0x00007f9c2ce60002 is an unknown value
R8 =0x0000000000000000 is an unknown value
R9 =0x000000000000062b is an unknown value
R10=0x0000000000000001 is an unknown value
R11=0x0000000000000009 is an unknown value
R12=0x00007f9c2e86e800 is a thread
R13=0x00007f9c2ce60002 is an unknown value
R14=0x00007f9c2ce60002 is an unknown value
R15=0x00007f9c2cc0ee90 is an unknown value


Stack: [0x0000700008d1c000,0x0000700008e1c000],  sp=0x0000700008e1b9d0,  free space=1022k
Native frames: (J=compiled Java code, j=interpreted, Vv=VM code, C=native code)
V  [libjvm.dylib+0x448366]  Method::checked_resolve_jmethod_id(_jmethodID*)+0x1c
V  [libjvm.dylib+0x357316]  jvmti_IsMethodSynthetic+0xb2
C  [libjdwp.dylib+0x20780]  isMethodSynthetic+0x63
C  [libjdwp.dylib+0x51f3]  methods1+0x10b
C  [libjdwp.dylib+0x52ec]  methodsWithGeneric+0xe
C  [libjdwp.dylib+0xe898]  debugLoop_run+0x1ce
C  [libjdwp.dylib+0x1f6ba]  attachThread+0x4d
V  [libjvm.dylib+0x39867c]  JvmtiAgentThread::call_start_function()+0x38
V  [libjvm.dylib+0x563d17]  JavaThread::thread_main_inner()+0x9b
V  [libjvm.dylib+0x565412]  JavaThread::run()+0x1c2
V  [libjvm.dylib+0x484f82]  java_start(Thread*)+0xf6
C  [libsystem_pthread.dylib+0x393b]  _pthread_body+0xb4
C  [libsystem_pthread.dylib+0x3887]  _pthread_body+0x0
C  [libsystem_pthread.dylib+0x308d]  thread_start+0xd
C  0x0000000000000000


---------------  P R O C E S S  ---------------

Java Threads: ( => current thread )
  0x00007f9c2d9a5000 JavaThread "Thread-3" daemon [_thread_blocked, id=38403, stack(0x000070000973a000,0x00007000097ba000)]
  0x00007f9c2e943000 JavaThread "JavaFX Application Thread" [_thread_in_native, id=775, stack(0x00007fff55671000,0x00007fff55e71000)]
  0x00007f9c2d0cf000 JavaThread "Thread-1" daemon [_thread_blocked, id=26631, stack(0x0000700009637000,0x0000700009737000)]
  0x00007f9c2e05f800 JavaThread "QuantumRenderer-0" daemon [_thread_blocked, id=21251, stack(0x0000700009534000,0x0000700009634000)]
  0x00007f9c2d05c800 JavaThread "Service Thread" daemon [_thread_blocked, id=20227, stack(0x000070000932e000,0x000070000942e000)]
  0x00007f9c2d031800 JavaThread "C1 CompilerThread2" daemon [_thread_blocked, id=19715, stack(0x000070000922b000,0x000070000932b000)]
  0x00007f9c2e012800 JavaThread "C2 CompilerThread1" daemon [_thread_blocked, id=19203, stack(0x0000700009128000,0x0000700009228000)]
  0x00007f9c2e845800 JavaThread "C2 CompilerThread0" daemon [_thread_blocked, id=18691, stack(0x0000700009025000,0x0000700009125000)]
  0x00007f9c2d009800 JavaThread "JDWP Command Reader" daemon [_thread_in_native, id=18179, stack(0x0000700008f22000,0x0000700009022000)]
  0x00007f9c2e85a800 JavaThread "JDWP Event Helper Thread" daemon [_thread_blocked, id=17667, stack(0x0000700008e1f000,0x0000700008f1f000)]
=>0x00007f9c2e86e800 JavaThread "JDWP Transport Listener: dt_socket" daemon [_thread_in_vm, id=17155, stack(0x0000700008d1c000,0x0000700008e1c000)]
  0x00007f9c2e837800 JavaThread "Signal Dispatcher" daemon [_thread_blocked, id=16643, stack(0x0000700008c19000,0x0000700008d19000)]
  0x00007f9c2e835800 JavaThread "Finalizer" daemon [_thread_blocked, id=12547, stack(0x0000700008b16000,0x0000700008c16000)]
  0x00007f9c2d824800 JavaThread "Reference Handler" daemon [_thread_blocked, id=12035, stack(0x0000700008a13000,0x0000700008b13000)]
  0x00007f9c2d024000 JavaThread "main" [_thread_blocked, id=7171, stack(0x0000700008401000,0x0000700008501000)]

Other Threads:
  0x00007f9c2e833000 VMThread [stack: 0x0000700008910000,0x0000700008a10000] [id=11523]
  0x00007f9c2e013800 WatcherThread [stack: 0x0000700009431000,0x0000700009531000] [id=20739]

VM state:not at safepoint (normal execution)

VM Mutex/Monitor currently owned by a thread: None

Heap:
 PSYoungGen      total 71680K, used 64368K [0x0000000795580000, 0x000000079a080000, 0x00000007c0000000)
  eden space 66560K, 93% used [0x0000000795580000,0x0000000799298288,0x0000000799680000)
  from space 5120K, 35% used [0x0000000799b80000,0x0000000799d44030,0x000000079a080000)
  to   space 5120K, 0% used [0x0000000799680000,0x0000000799680000,0x0000000799b80000)
 ParOldGen       total 87552K, used 32K [0x0000000740000000, 0x0000000745580000, 0x0000000795580000)
  object space 87552K, 0% used [0x0000000740000000,0x0000000740008000,0x0000000745580000)
 Metaspace       used 7447K, capacity 7718K, committed 7808K, reserved 1056768K
  class space    used 805K, capacity 891K, committed 896K, reserved 1048576K

Card table byte_map: [0x000000010bb54000,0x000000010bf55000] byte_map_base: 0x0000000108154000

Marking Bits: (ParMarkBitMap*) 0x000000010b0e6eb0
 Begin Bits: [0x000000011d40a000, 0x000000011f40a000)
 End Bits:   [0x000000011f40a000, 0x000000012140a000)

Polling page: 0x0000000109e4f000

CodeCache: size=245760Kb used=3609Kb max_used=3684Kb free=242150Kb
 bounds [0x000000010e40a000, 0x000000010e7ba000, 0x000000011d40a000]
 total_blobs=1222 nmethods=828 adapters=316
 compilation: enabled

Compilation events (10 events):
Event: 2.398 Thread 0x00007f9c2e845800 nmethod 785 0x000000010e75a190 code [0x000000010e75a340, 0x000000010e75a688]
Event: 2.398 Thread 0x00007f9c2e845800  770       4       sun.util.calendar.ZoneInfo::getOffsets (276 bytes)
Event: 2.413 Thread 0x00007f9c2e845800 nmethod 770 0x000000010e76ef50 code [0x000000010e76f0e0, 0x000000010e76f738]
Event: 2.413 Thread 0x00007f9c2e845800  814       4       java.text.DateFormatSymbols::initializeData (296 bytes)
Event: 2.445 Thread 0x00007f9c2e845800 nmethod 814 0x000000010e763590 code [0x000000010e7637a0, 0x000000010e764698]
Event: 2.445 Thread 0x00007f9c2e845800  815       4       java.nio.Buffer::flip (20 bytes)
Event: 2.446 Thread 0x00007f9c2e845800 nmethod 815 0x000000010e759ed0 code [0x000000010e75a020, 0x000000010e75a098]
Event: 2.786 Thread 0x00007f9c2e012800 nmethod 752 0x000000010e788750 code [0x000000010e789480, 0x000000010e79b0a8]
Event: 5.929 Thread 0x00007f9c2e845800  836       4       java.lang.Math::max (11 bytes)
Event: 5.929 Thread 0x00007f9c2e845800 nmethod 836 0x000000010e6181d0 code [0x000000010e618300, 0x000000010e618338]

GC Heap History (8 events):
Event: 1.343 GC heap before
{Heap before GC invocations=1 (full 0):
 PSYoungGen      total 38400K, used 33280K [0x0000000795580000, 0x0000000798000000, 0x00000007c0000000)
  eden space 33280K, 100% used [0x0000000795580000,0x0000000797600000,0x0000000797600000)
  from space 5120K, 0% used [0x0000000797b00000,0x0000000797b00000,0x0000000798000000)
  to   space 5120K, 0% used [0x0000000797600000,0x0000000797600000,0x0000000797b00000)
 ParOldGen       total 87552K, used 0K [0x0000000740000000, 0x0000000745580000, 0x0000000795580000)
  object space 87552K, 0% used [0x0000000740000000,0x0000000740000000,0x0000000745580000)
 Metaspace       used 7329K, capacity 7650K, committed 7808K, reserved 1056768K
  class space    used 800K, capacity 887K, committed 896K, reserved 1048576K
Event: 1.346 GC heap after
Heap after GC invocations=1 (full 0):
 PSYoungGen      total 38400K, used 1808K [0x0000000795580000, 0x0000000798000000, 0x00000007c0000000)
  eden space 33280K, 0% used [0x0000000795580000,0x0000000795580000,0x0000000797600000)
  from space 5120K, 35% used [0x0000000797600000,0x00000007977c4030,0x0000000797b00000)
  to   space 5120K, 0% used [0x0000000797b00000,0x0000000797b00000,0x0000000798000000)
 ParOldGen       total 87552K, used 16K [0x0000000740000000, 0x0000000745580000, 0x0000000795580000)
  object space 87552K, 0% used [0x0000000740000000,0x0000000740004000,0x0000000745580000)
 Metaspace       used 7329K, capacity 7650K, committed 7808K, reserved 1056768K
  class space    used 800K, capacity 887K, committed 896K, reserved 1048576K
}
Event: 1.440 GC heap before
{Heap before GC invocations=2 (full 0):
 PSYoungGen      total 38400K, used 35088K [0x0000000795580000, 0x0000000798000000, 0x00000007c0000000)
  eden space 33280K, 100% used [0x0000000795580000,0x0000000797600000,0x0000000797600000)
  from space 5120K, 35% used [0x0000000797600000,0x00000007977c4030,0x0000000797b00000)
  to   space 5120K, 0% used [0x0000000797b00000,0x0000000797b00000,0x0000000798000000)
 ParOldGen       total 87552K, used 16K [0x0000000740000000, 0x0000000745580000, 0x0000000795580000)
  object space 87552K, 0% used [0x0000000740000000,0x0000000740004000,0x0000000745580000)
 Metaspace       used 7346K, capacity 7650K, committed 7808K, reserved 1056768K
  class space    used 800K, capacity 887K, committed 896K, reserved 1048576K
Event: 1.442 GC heap after
Heap after GC invocations=2 (full 0):
 PSYoungGen      total 38400K, used 1792K [0x0000000795580000, 0x000000079a080000, 0x00000007c0000000)
  eden space 33280K, 0% used [0x0000000795580000,0x0000000795580000,0x0000000797600000)
  from space 5120K, 35% used [0x0000000797b00000,0x0000000797cc0040,0x0000000798000000)
  to   space 5120K, 0% used [0x0000000797600000,0x0000000797600000,0x0000000797b00000)
 ParOldGen       total 87552K, used 24K [0x0000000740000000, 0x0000000745580000, 0x0000000795580000)
  object space 87552K, 0% used [0x0000000740000000,0x0000000740006000,0x0000000745580000)
 Metaspace       used 7346K, capacity 7650K, committed 7808K, reserved 1056768K
  class space    used 800K, capacity 887K, committed 896K, reserved 1048576K
}
Event: 1.525 GC heap before
{Heap before GC invocations=3 (full 0):
 PSYoungGen      total 38400K, used 35072K [0x0000000795580000, 0x000000079a080000, 0x00000007c0000000)
  eden space 33280K, 100% used [0x0000000795580000,0x0000000797600000,0x0000000797600000)
  from space 5120K, 35% used [0x0000000797b00000,0x0000000797cc0040,0x0000000798000000)
  to   space 5120K, 0% used [0x0000000797600000,0x0000000797600000,0x0000000797b00000)
 ParOldGen       total 87552K, used 24K [0x0000000740000000, 0x0000000745580000, 0x0000000795580000)
  object space 87552K, 0% used [0x0000000740000000,0x0000000740006000,0x0000000745580000)
 Metaspace       used 7348K, capacity 7650K, committed 7808K, reserved 1056768K
  class space    used 800K, capacity 887K, committed 896K, reserved 1048576K
Event: 1.527 GC heap after
Heap after GC invocations=3 (full 0):
 PSYoungGen      total 38400K, used 1760K [0x0000000795580000, 0x000000079a080000, 0x00000007c0000000)
  eden space 33280K, 0% used [0x0000000795580000,0x0000000795580000,0x0000000797600000)
  from space 5120K, 34% used [0x0000000797600000,0x00000007977b8020,0x0000000797b00000)
  to   space 5120K, 0% used [0x0000000799b80000,0x0000000799b80000,0x000000079a080000)
 ParOldGen       total 87552K, used 32K [0x0000000740000000, 0x0000000745580000, 0x0000000795580000)
  object space 87552K, 0% used [0x0000000740000000,0x0000000740008000,0x0000000745580000)
 Metaspace       used 7348K, capacity 7650K, committed 7808K, reserved 1056768K
  class space    used 800K, capacity 887K, committed 896K, reserved 1048576K
}
Event: 1.606 GC heap before
{Heap before GC invocations=4 (full 0):
 PSYoungGen      total 38400K, used 35040K [0x0000000795580000, 0x000000079a080000, 0x00000007c0000000)
  eden space 33280K, 100% used [0x0000000795580000,0x0000000797600000,0x0000000797600000)
  from space 5120K, 34% used [0x0000000797600000,0x00000007977b8020,0x0000000797b00000)
  to   space 5120K, 0% used [0x0000000799b80000,0x0000000799b80000,0x000000079a080000)
 ParOldGen       total 87552K, used 32K [0x0000000740000000, 0x0000000745580000, 0x0000000795580000)
  object space 87552K, 0% used [0x0000000740000000,0x0000000740008000,0x0000000745580000)
 Metaspace       used 7348K, capacity 7650K, committed 7808K, reserved 1056768K
  class space    used 800K, capacity 887K, committed 896K, reserved 1048576K
Event: 1.609 GC heap after
Heap after GC invocations=4 (full 0):
 PSYoungGen      total 71680K, used 1808K [0x0000000795580000, 0x000000079a080000, 0x00000007c0000000)
  eden space 66560K, 0% used [0x0000000795580000,0x0000000795580000,0x0000000799680000)
  from space 5120K, 35% used [0x0000000799b80000,0x0000000799d44030,0x000000079a080000)
  to   space 5120K, 0% used [0x0000000799680000,0x0000000799680000,0x0000000799b80000)
 ParOldGen       total 87552K, used 32K [0x0000000740000000, 0x0000000745580000, 0x0000000795580000)
  object space 87552K, 0% used [0x0000000740000000,0x0000000740008000,0x0000000745580000)
 Metaspace       used 7348K, capacity 7650K, committed 7808K, reserved 1056768K
  class space    used 800K, capacity 887K, committed 896K, reserved 1048576K
}

Deoptimization events (6 events):
Event: 0.726 Thread 0x00007f9c2d024000 Uncommon trap: reason=unstable_if action=reinterpret pc=0x000000010e5ba388 method=java.lang.String.replace(CC)Ljava/lang/String; @ 2
Event: 0.801 Thread 0x00007f9c2d024000 Uncommon trap: reason=class_check action=maybe_recompile pc=0x000000010e636a1c method=java.util.regex.Pattern$Curly.match0(Ljava/util/regex/Matcher;IILjava/lang/CharSequence;)Z @ 170
Event: 1.007 Thread 0x00007f9c2d024000 Uncommon trap: reason=array_check action=maybe_recompile pc=0x000000010e6acd10 method=java.util.AbstractCollection.toArray([Ljava/lang/Object;)[Ljava/lang/Object; @ 119
Event: 1.007 Thread 0x00007f9c2d024000 Uncommon trap: reason=array_check action=maybe_recompile pc=0x000000010e6acd10 method=java.util.AbstractCollection.toArray([Ljava/lang/Object;)[Ljava/lang/Object; @ 119
Event: 1.007 Thread 0x00007f9c2d024000 Uncommon trap: reason=array_check action=maybe_recompile pc=0x000000010e6acd10 method=java.util.AbstractCollection.toArray([Ljava/lang/Object;)[Ljava/lang/Object; @ 119
Event: 1.008 Thread 0x00007f9c2d024000 Uncommon trap: reason=array_check action=maybe_recompile pc=0x000000010e6acd10 method=java.util.AbstractCollection.toArray([Ljava/lang/Object;)[Ljava/lang/Object; @ 119

Internal exceptions (9 events):
Event: 0.038 Thread 0x00007f9c2d024000 Exception <a 'java/lang/NoSuchMethodError': Method sun.misc.Unsafe.defineClass(Ljava/lang/String;[BII)Ljava/lang/Class; name or signature does not match> (0x0000000795587cc0) thrown at [/Users/java_re/workspace/8-2-build-macosx-x86_64/jdk8u91/6644/hotspot
Event: 0.038 Thread 0x00007f9c2d024000 Exception <a 'java/lang/NoSuchMethodError': Method sun.misc.Unsafe.prefetchRead(Ljava/lang/Object;J)V name or signature does not match> (0x0000000795587fa8) thrown at [/Users/java_re/workspace/8-2-build-macosx-x86_64/jdk8u91/6644/hotspot/src/share/vm/prim
Event: 0.416 Thread 0x00007f9c2d024000 Exception <a 'java/lang/NoSuchFieldError': method resolution failed> (0x0000000795882910) thrown at [/Users/java_re/workspace/8-2-build-macosx-x86_64/jdk8u91/6644/hotspot/src/share/vm/prims/methodHandles.cpp, line 1146]
Event: 0.419 Thread 0x00007f9c2d024000 Exception <a 'java/lang/NoSuchFieldError': method resolution failed> (0x000000079588fc90) thrown at [/Users/java_re/workspace/8-2-build-macosx-x86_64/jdk8u91/6644/hotspot/src/share/vm/prims/methodHandles.cpp, line 1146]
Event: 0.450 Thread 0x00007f9c2d024000 Exception <a 'java/security/PrivilegedActionException'> (0x000000079591af48) thrown at [/Users/java_re/workspace/8-2-build-macosx-x86_64/jdk8u91/6644/hotspot/src/share/vm/prims/jvm.cpp, line 1386]
Event: 0.450 Thread 0x00007f9c2d024000 Exception <a 'java/security/PrivilegedActionException'> (0x000000079591b158) thrown at [/Users/java_re/workspace/8-2-build-macosx-x86_64/jdk8u91/6644/hotspot/src/share/vm/prims/jvm.cpp, line 1386]
Event: 0.451 Thread 0x00007f9c2d024000 Exception <a 'java/security/PrivilegedActionException'> (0x000000079591e3f8) thrown at [/Users/java_re/workspace/8-2-build-macosx-x86_64/jdk8u91/6644/hotspot/src/share/vm/prims/jvm.cpp, line 1386]
Event: 0.451 Thread 0x00007f9c2d024000 Exception <a 'java/security/PrivilegedActionException'> (0x000000079591e608) thrown at [/Users/java_re/workspace/8-2-build-macosx-x86_64/jdk8u91/6644/hotspot/src/share/vm/prims/jvm.cpp, line 1386]
Event: 0.451 Thread 0x00007f9c2d024000 Exception <a 'java/lang/NullPointerException'> (0x000000079591edf8) thrown at [/Users/java_re/workspace/8-2-build-macosx-x86_64/jdk8u91/6644/hotspot/src/share/vm/interpreter/linkResolver.cpp, line 1178]

Events (10 events):
Event: 3644.352 Executing VM operation: ChangeBreakpoints
Event: 3644.352 Executing VM operation: ChangeBreakpoints done
Event: 3646.579 Executing VM operation: ChangeBreakpoints
Event: 3646.579 Executing VM operation: ChangeBreakpoints done
Event: 3647.869 Executing VM operation: ChangeBreakpoints
Event: 3647.869 Executing VM operation: ChangeBreakpoints done
Event: 3664.915 Executing VM operation: ChangeBreakpoints
Event: 3664.915 Executing VM operation: ChangeBreakpoints done
Event: 3664.922 Executing VM operation: RedefineClasses
Event: 3664.951 Executing VM operation: RedefineClasses done


Dynamic libraries:
0x000000000e4e4000 	/System/Library/Frameworks/Cocoa.framework/Versions/A/Cocoa
0x000000000e4e4000 	/System/Library/Frameworks/Security.framework/Versions/A/Security
0x000000000e4e4000 	/System/Library/Frameworks/ApplicationServices.framework/Versions/A/ApplicationServices
0x000000000e4e4000 	/usr/lib/libz.1.dylib
0x000000000e4e4000 	/usr/lib/libSystem.B.dylib
0x000000000e4e4000 	/usr/lib/libobjc.A.dylib
0x000000000e4e4000 	/System/Library/Frameworks/CoreFoundation.framework/Versions/A/CoreFoundation
0x000000000e4e4000 	/System/Library/Frameworks/Foundation.framework/Versions/C/Foundation
0x000000000e4e4000 	/System/Library/Frameworks/AppKit.framework/Versions/C/AppKit
0x000000000e4e4000 	/System/Library/Frameworks/CoreData.framework/Versions/A/CoreData
0x000000000e4e4000 	/System/Library/PrivateFrameworks/RemoteViewServices.framework/Versions/A/RemoteViewServices
0x000000000e4e4000 	/System/Library/PrivateFrameworks/UIFoundation.framework/Versions/A/UIFoundation
0x000000000e4e4000 	/System/Library/PrivateFrameworks/DFRFoundation.framework/Versions/A/DFRFoundation
0x000000000e4e4000 	/usr/lib/libenergytrace.dylib
0x000000000e4e4000 	/System/Library/PrivateFrameworks/SkyLight.framework/Versions/A/SkyLight
0x000000000e4e4000 	/System/Library/Frameworks/CoreGraphics.framework/Versions/A/CoreGraphics
0x000000000e4e4000 	/usr/lib/libScreenReader.dylib
0x000000000e4e4000 	/System/Library/Frameworks/Accelerate.framework/Versions/A/Accelerate
0x000000000e4e4000 	/System/Library/Frameworks/IOSurface.framework/Versions/A/IOSurface
0x000000000e4e4000 	/System/Library/Frameworks/AudioToolbox.framework/Versions/A/AudioToolbox
0x000000000e4e4000 	/System/Library/Frameworks/AudioUnit.framework/Versions/A/AudioUnit
0x000000000e4e4000 	/System/Library/PrivateFrameworks/DataDetectorsCore.framework/Versions/A/DataDetectorsCore
0x000000000e4e4000 	/System/Library/PrivateFrameworks/DesktopServicesPriv.framework/Versions/A/DesktopServicesPriv
0x000000000e4e4000 	/System/Library/Frameworks/Carbon.framework/Versions/A/Frameworks/HIToolbox.framework/Versions/A/HIToolbox
0x000000000e4e4000 	/usr/lib/libicucore.A.dylib
0x000000000e4e4000 	/System/Library/Frameworks/QuartzCore.framework/Versions/A/QuartzCore
0x000000000e4e4000 	/System/Library/Frameworks/Carbon.framework/Versions/A/Frameworks/SpeechRecognition.framework/Versions/A/SpeechRecognition
0x000000000e4e4000 	/usr/lib/libauto.dylib
0x000000000e4e4000 	/usr/lib/libxml2.2.dylib
0x000000000e4e4000 	/System/Library/PrivateFrameworks/CoreUI.framework/Versions/A/CoreUI
0x000000000e4e4000 	/System/Library/Frameworks/CoreAudio.framework/Versions/A/CoreAudio
0x000000000e4e4000 	/System/Library/Frameworks/DiskArbitration.framework/Versions/A/DiskArbitration
0x000000000e4e4000 	/usr/lib/liblangid.dylib
0x000000000e4e4000 	/System/Library/PrivateFrameworks/MultitouchSupport.framework/Versions/A/MultitouchSupport
0x000000000e4e4000 	/System/Library/Frameworks/IOKit.framework/Versions/A/IOKit
0x000000000e4e4000 	/usr/lib/libDiagnosticMessagesClient.dylib
0x000000000e4e4000 	/System/Library/Frameworks/CoreServices.framework/Versions/A/CoreServices
0x000000000e4e4000 	/System/Library/PrivateFrameworks/PerformanceAnalysis.framework/Versions/A/PerformanceAnalysis
0x000000000e4e4000 	/System/Library/PrivateFrameworks/GenerationalStorage.framework/Versions/A/GenerationalStorage
0x000000000e4e4000 	/System/Library/Frameworks/OpenGL.framework/Versions/A/OpenGL
0x000000000e4e4000 	/System/Library/Frameworks/CoreImage.framework/Versions/A/CoreImage
0x000000000e4e4000 	/System/Library/Frameworks/CoreText.framework/Versions/A/CoreText
0x000000000e4e4000 	/System/Library/Frameworks/ImageIO.framework/Versions/A/ImageIO
0x000000000e4e4000 	/System/Library/PrivateFrameworks/Backup.framework/Versions/A/Backup
0x000000000e4e4000 	/usr/lib/libarchive.2.dylib
0x000000000e4e4000 	/System/Library/Frameworks/CFNetwork.framework/Versions/A/CFNetwork
0x000000000e4e4000 	/System/Library/Frameworks/SystemConfiguration.framework/Versions/A/SystemConfiguration
0x000000000e4e4000 	/usr/lib/libCRFSuite.dylib
0x000000000e4e4000 	/usr/lib/libc++.1.dylib
0x000000000e4e4000 	/usr/lib/libc++abi.dylib
0x000000000e4e4000 	/usr/lib/system/libcache.dylib
0x000000000e4e4000 	/usr/lib/system/libcommonCrypto.dylib
0x000000000e4e4000 	/usr/lib/system/libcompiler_rt.dylib
0x000000000e4e4000 	/usr/lib/system/libcopyfile.dylib
0x000000000e4e4000 	/usr/lib/system/libcorecrypto.dylib
0x000000000e4e4000 	/usr/lib/system/libdispatch.dylib
0x000000000e4e4000 	/usr/lib/system/libdyld.dylib
0x000000000e4e4000 	/usr/lib/system/libkeymgr.dylib
0x000000000e4e4000 	/usr/lib/system/liblaunch.dylib
0x000000000e4e4000 	/usr/lib/system/libmacho.dylib
0x000000000e4e4000 	/usr/lib/system/libquarantine.dylib
0x000000000e4e4000 	/usr/lib/system/libremovefile.dylib
0x000000000e4e4000 	/usr/lib/system/libsystem_asl.dylib
0x000000000e4e4000 	/usr/lib/system/libsystem_blocks.dylib
0x000000000e4e4000 	/usr/lib/system/libsystem_c.dylib
0x000000000e4e4000 	/usr/lib/system/libsystem_configuration.dylib
0x000000000e4e4000 	/usr/lib/system/libsystem_coreservices.dylib
0x000000000e4e4000 	/usr/lib/system/libsystem_coretls.dylib
0x000000000e4e4000 	/usr/lib/system/libsystem_dnssd.dylib
0x000000000e4e4000 	/usr/lib/system/libsystem_info.dylib
0x000000000e4e4000 	/usr/lib/system/libsystem_kernel.dylib
0x000000000e4e4000 	/usr/lib/system/libsystem_m.dylib
0x000000000e4e4000 	/usr/lib/system/libsystem_malloc.dylib
0x000000000e4e4000 	/usr/lib/system/libsystem_network.dylib
0x000000000e4e4000 	/usr/lib/system/libsystem_networkextension.dylib
0x000000000e4e4000 	/usr/lib/system/libsystem_notify.dylib
0x000000000e4e4000 	/usr/lib/system/libsystem_platform.dylib
0x000000000e4e4000 	/usr/lib/system/libsystem_pthread.dylib
0x000000000e4e4000 	/usr/lib/system/libsystem_sandbox.dylib
0x000000000e4e4000 	/usr/lib/system/libsystem_secinit.dylib
0x000000000e4e4000 	/usr/lib/system/libsystem_symptoms.dylib
0x000000000e4e4000 	/usr/lib/system/libsystem_trace.dylib
0x000000000e4e4000 	/usr/lib/system/libunwind.dylib
0x000000000e4e4000 	/usr/lib/system/libxpc.dylib
0x000000000e4e4000 	/usr/lib/libbsm.0.dylib
0x000000000e4e4000 	/usr/lib/system/libkxld.dylib
0x000000000e4e4000 	/usr/lib/libcoretls.dylib
0x000000000e4e4000 	/usr/lib/libcoretls_cfhelpers.dylib
0x000000000e4e4000 	/usr/lib/libOpenScriptingUtil.dylib
0x000000000e4e4000 	/usr/lib/libpam.2.dylib
0x000000000e4e4000 	/usr/lib/libsqlite3.dylib
0x000000000e4e4000 	/usr/lib/libxar.1.dylib
0x000000000e4e4000 	/usr/lib/libbz2.1.0.dylib
0x000000000e4e4000 	/usr/lib/liblzma.5.dylib
0x000000000e4e4000 	/usr/lib/libnetwork.dylib
0x000000000e4e4000 	/usr/lib/libpcap.A.dylib
0x000000000e4e4000 	/System/Library/Frameworks/CoreServices.framework/Versions/A/Frameworks/FSEvents.framework/Versions/A/FSEvents
0x000000000e4e4000 	/System/Library/Frameworks/CoreServices.framework/Versions/A/Frameworks/CarbonCore.framework/Versions/A/CarbonCore
0x000000000e4e4000 	/System/Library/Frameworks/CoreServices.framework/Versions/A/Frameworks/Metadata.framework/Versions/A/Metadata
0x000000000e4e4000 	/System/Library/Frameworks/CoreServices.framework/Versions/A/Frameworks/OSServices.framework/Versions/A/OSServices
0x000000000e4e4000 	/System/Library/Frameworks/CoreServices.framework/Versions/A/Frameworks/SearchKit.framework/Versions/A/SearchKit
0x000000000e4e4000 	/System/Library/Frameworks/CoreServices.framework/Versions/A/Frameworks/AE.framework/Versions/A/AE
0x000000000e4e4000 	/System/Library/Frameworks/CoreServices.framework/Versions/A/Frameworks/LaunchServices.framework/Versions/A/LaunchServices
0x000000000e4e4000 	/System/Library/Frameworks/CoreServices.framework/Versions/A/Frameworks/DictionaryServices.framework/Versions/A/DictionaryServices
0x000000000e4e4000 	/System/Library/Frameworks/CoreServices.framework/Versions/A/Frameworks/SharedFileList.framework/Versions/A/SharedFileList
0x000000000e4e4000 	/System/Library/Frameworks/NetFS.framework/Versions/A/NetFS
0x000000000e4e4000 	/System/Library/PrivateFrameworks/NetAuth.framework/Versions/A/NetAuth
0x000000000e4e4000 	/System/Library/PrivateFrameworks/login.framework/Versions/A/Frameworks/loginsupport.framework/Versions/A/loginsupport
0x000000000e4e4000 	/System/Library/PrivateFrameworks/TCC.framework/Versions/A/TCC
0x000000000e4e4000 	/usr/lib/libmecabra.dylib
0x000000000e4e4000 	/System/Library/Frameworks/ApplicationServices.framework/Versions/A/Frameworks/ATS.framework/Versions/A/ATS
0x000000000e4e4000 	/System/Library/Frameworks/ApplicationServices.framework/Versions/A/Frameworks/ColorSync.framework/Versions/A/ColorSync
0x000000000e4e4000 	/System/Library/Frameworks/ApplicationServices.framework/Versions/A/Frameworks/HIServices.framework/Versions/A/HIServices
0x000000000e4e4000 	/System/Library/Frameworks/ApplicationServices.framework/Versions/A/Frameworks/LangAnalysis.framework/Versions/A/LangAnalysis
0x000000000e4e4000 	/System/Library/Frameworks/ApplicationServices.framework/Versions/A/Frameworks/PrintCore.framework/Versions/A/PrintCore
0x000000000e4e4000 	/System/Library/Frameworks/ApplicationServices.framework/Versions/A/Frameworks/QD.framework/Versions/A/QD
0x000000000e4e4000 	/System/Library/Frameworks/ApplicationServices.framework/Versions/A/Frameworks/SpeechSynthesis.framework/Versions/A/SpeechSynthesis
0x000000000e4e4000 	/System/Library/Frameworks/Accelerate.framework/Versions/A/Frameworks/vImage.framework/Versions/A/vImage
0x000000000e4e4000 	/System/Library/Frameworks/Accelerate.framework/Versions/A/Frameworks/vecLib.framework/Versions/A/vecLib
0x000000000e4e4000 	/System/Library/Frameworks/Accelerate.framework/Versions/A/Frameworks/vecLib.framework/Versions/A/libvDSP.dylib
0x000000000e4e4000 	/System/Library/Frameworks/Accelerate.framework/Versions/A/Frameworks/vecLib.framework/Versions/A/libBNNS.dylib
0x000000000e4e4000 	/System/Library/Frameworks/Accelerate.framework/Versions/A/Frameworks/vecLib.framework/Versions/A/libQuadrature.dylib
0x000000000e4e4000 	/System/Library/Frameworks/Accelerate.framework/Versions/A/Frameworks/vecLib.framework/Versions/A/libvMisc.dylib
0x000000000e4e4000 	/System/Library/Frameworks/Accelerate.framework/Versions/A/Frameworks/vecLib.framework/Versions/A/libLAPACK.dylib
0x000000000e4e4000 	/System/Library/Frameworks/Accelerate.framework/Versions/A/Frameworks/vecLib.framework/Versions/A/libBLAS.dylib
0x000000000e4e4000 	/System/Library/Frameworks/Accelerate.framework/Versions/A/Frameworks/vecLib.framework/Versions/A/libLinearAlgebra.dylib
0x000000000e4e4000 	/System/Library/Frameworks/Accelerate.framework/Versions/A/Frameworks/vecLib.framework/Versions/A/libSparseBLAS.dylib
0x000000000e4e4000 	/System/Library/Frameworks/ApplicationServices.framework/Versions/A/Frameworks/ATS.framework/Versions/A/Resources/libFontParser.dylib
0x000000000e4e4000 	/System/Library/Frameworks/ApplicationServices.framework/Versions/A/Frameworks/ATS.framework/Versions/A/Resources/libFontRegistry.dylib
0x000000000e4e4000 	/System/Library/Frameworks/ImageIO.framework/Versions/A/Resources/libJPEG.dylib
0x000000000e4e4000 	/System/Library/Frameworks/ImageIO.framework/Versions/A/Resources/libTIFF.dylib
0x000000000e4e4000 	/System/Library/Frameworks/ImageIO.framework/Versions/A/Resources/libPng.dylib
0x000000000e4e4000 	/System/Library/Frameworks/ImageIO.framework/Versions/A/Resources/libGIF.dylib
0x000000000e4e4000 	/System/Library/Frameworks/ImageIO.framework/Versions/A/Resources/libJP2.dylib
0x000000000e4e4000 	/System/Library/Frameworks/ImageIO.framework/Versions/A/Resources/libRadiance.dylib
0x000000000e4e4000 	/usr/lib/libcompression.dylib
0x000000000e4e4000 	/System/Library/PrivateFrameworks/AppleJPEG.framework/Versions/A/AppleJPEG
0x000000000e4e4000 	/usr/lib/libcups.2.dylib
0x000000000e4e4000 	/System/Library/Frameworks/Kerberos.framework/Versions/A/Kerberos
0x000000000e4e4000 	/System/Library/Frameworks/GSS.framework/Versions/A/GSS
0x000000000e4e4000 	/usr/lib/libresolv.9.dylib
0x000000000e4e4000 	/usr/lib/libiconv.2.dylib
0x000000000e4e4000 	/System/Library/PrivateFrameworks/Heimdal.framework/Versions/A/Heimdal
0x000000000e4e4000 	/usr/lib/libheimdal-asn1.dylib
0x000000000e4e4000 	/System/Library/Frameworks/OpenDirectory.framework/Versions/A/OpenDirectory
0x000000000e4e4000 	/System/Library/PrivateFrameworks/CommonAuth.framework/Versions/A/CommonAuth
0x000000000e4e4000 	/System/Library/Frameworks/OpenDirectory.framework/Versions/A/Frameworks/CFOpenDirectory.framework/Versions/A/CFOpenDirectory
0x000000000e4e4000 	/System/Library/Frameworks/SecurityFoundation.framework/Versions/A/SecurityFoundation
0x000000000e4e4000 	/System/Library/PrivateFrameworks/LanguageModeling.framework/Versions/A/LanguageModeling
0x000000000e4e4000 	/usr/lib/libmarisa.dylib
0x000000000e4e4000 	/usr/lib/libChineseTokenizer.dylib
0x000000000e4e4000 	/usr/lib/libcmph.dylib
0x000000000e4e4000 	/System/Library/PrivateFrameworks/CoreEmoji.framework/Versions/A/CoreEmoji
0x000000000e4e4000 	/System/Library/Frameworks/ServiceManagement.framework/Versions/A/ServiceManagement
0x000000000e4e4000 	/usr/lib/libxslt.1.dylib
0x000000000e4e4000 	/System/Library/Frameworks/Carbon.framework/Versions/A/Frameworks/Ink.framework/Versions/A/Ink
0x000000000e4e4000 	/System/Library/PrivateFrameworks/TextureIO.framework/Versions/A/TextureIO
0x000000000e4e4000 	/System/Library/Frameworks/Metal.framework/Versions/A/Metal
0x000000000e4e4000 	/usr/lib/libate.dylib
0x000000000e4e4000 	/System/Library/PrivateFrameworks/GPUCompiler.framework/libmetal_timestamp.dylib
0x000000000e4e4000 	/System/Library/Frameworks/OpenGL.framework/Versions/A/Libraries/libCoreFSCache.dylib
0x000000000e4e4000 	/System/Library/PrivateFrameworks/IOAccelerator.framework/Versions/A/IOAccelerator
0x000000000e4e4000 	/System/Library/Frameworks/CoreVideo.framework/Versions/A/CoreVideo
0x000000000e4e4000 	/usr/lib/libFosl_dynamic.dylib
0x000000000e4e4000 	/System/Library/PrivateFrameworks/MetalPerformanceShaders.framework/Versions/A/MetalPerformanceShaders
0x000000000e4e4000 	/System/Library/PrivateFrameworks/FaceCore.framework/Versions/A/FaceCore
0x000000000e4e4000 	/System/Library/Frameworks/OpenCL.framework/Versions/A/OpenCL
0x000000000e4e4000 	/System/Library/Frameworks/OpenGL.framework/Versions/A/Libraries/libGLU.dylib
0x000000000e4e4000 	/System/Library/Frameworks/OpenGL.framework/Versions/A/Libraries/libGFXShared.dylib
0x000000000e4e4000 	/System/Library/Frameworks/OpenGL.framework/Versions/A/Libraries/libGL.dylib
0x000000000e4e4000 	/System/Library/Frameworks/OpenGL.framework/Versions/A/Libraries/libGLImage.dylib
0x000000000e4e4000 	/System/Library/Frameworks/OpenGL.framework/Versions/A/Libraries/libCVMSPluginSupport.dylib
0x000000000e4e4000 	/System/Library/Frameworks/OpenGL.framework/Versions/A/Libraries/libCoreVMClient.dylib
0x000000000e4e4000 	/System/Library/PrivateFrameworks/CrashReporterSupport.framework/Versions/A/CrashReporterSupport
0x000000000e4e4000 	/System/Library/PrivateFrameworks/Sharing.framework/Versions/A/Sharing
0x000000000e4e4000 	/System/Library/PrivateFrameworks/IconServices.framework/Versions/A/IconServices
0x000000000e4e4000 	/System/Library/PrivateFrameworks/ProtocolBuffer.framework/Versions/A/ProtocolBuffer
0x000000000e4e4000 	/System/Library/PrivateFrameworks/Apple80211.framework/Versions/A/Apple80211
0x000000000e4e4000 	/System/Library/Frameworks/CoreWLAN.framework/Versions/A/CoreWLAN
0x000000000e4e4000 	/System/Library/PrivateFrameworks/CoreUtils.framework/Versions/A/CoreUtils
0x000000000e4e4000 	/System/Library/Frameworks/IOBluetooth.framework/Versions/A/IOBluetooth
0x000000000e4e4000 	/System/Library/PrivateFrameworks/CoreWiFi.framework/Versions/A/CoreWiFi
0x000000000e4e4000 	/System/Library/Frameworks/CoreBluetooth.framework/Versions/A/CoreBluetooth
0x000000000e4e4000 	/System/Library/Frameworks/CoreDisplay.framework/Versions/A/CoreDisplay
0x000000000e4e4000 	/System/Library/PrivateFrameworks/IOPresentment.framework/Versions/A/IOPresentment
0x000000000e4e4000 	/System/Library/PrivateFrameworks/DSExternalDisplay.framework/Versions/A/DSExternalDisplay
0x000000000e4e4000 	/System/Library/PrivateFrameworks/DebugSymbols.framework/Versions/A/DebugSymbols
0x000000000e4e4000 	/System/Library/PrivateFrameworks/CoreSymbolication.framework/Versions/A/CoreSymbolication
0x000000000e4e4000 	/System/Library/PrivateFrameworks/Symbolication.framework/Versions/A/Symbolication
0x000000000e4e4000 	/System/Library/PrivateFrameworks/AppleFSCompression.framework/Versions/A/AppleFSCompression
0x000000000e4e4000 	/System/Library/PrivateFrameworks/SpeechRecognitionCore.framework/Versions/A/SpeechRecognitionCore
0x000000000e4e4000 	/System/Library/PrivateFrameworks/ChunkingLibrary.framework/Versions/A/ChunkingLibrary
0x000000010a800000 	/Library/Java/JavaVirtualMachines/jdk1.8.0_91.jdk/Contents/Home/jre/lib/server/libjvm.dylib
0x000000000e4e4000 	/usr/lib/libstdc++.6.dylib
0x0000000109e0c000 	/Library/Java/JavaVirtualMachines/jdk1.8.0_91.jdk/Contents/Home/jre/lib/libverify.dylib
0x0000000109e1a000 	/Library/Java/JavaVirtualMachines/jdk1.8.0_91.jdk/Contents/Home/jre/lib/libjava.dylib
0x0000000109e50000 	/Library/Java/JavaVirtualMachines/jdk1.8.0_91.jdk/Contents/Home/jre/lib/libjdwp.dylib
0x0000000109e9b000 	/Library/Java/JavaVirtualMachines/jdk1.8.0_91.jdk/Contents/Home/jre/lib/libnpt.dylib
0x0000000109ea8000 	/Library/Java/JavaVirtualMachines/jdk1.8.0_91.jdk/Contents/Home/jre/lib/libzip.dylib
0x000000010dfb5000 	/System/Library/Frameworks/JavaVM.framework/Frameworks/JavaRuntimeSupport.framework/JavaRuntimeSupport
0x000000010dfcf000 	/System/Library/Frameworks/JavaVM.framework/Versions/A/Frameworks/JavaNativeFoundation.framework/Versions/A/JavaNativeFoundation
0x0000000109ff3000 	/System/Library/Frameworks/JavaVM.framework/Versions/A/JavaVM
0x000000000e4e4000 	/System/Library/Frameworks/Carbon.framework/Versions/A/Carbon
0x000000010dfe4000 	/System/Library/PrivateFrameworks/JavaLaunching.framework/Versions/A/JavaLaunching
0x000000000e4e4000 	/System/Library/Frameworks/Carbon.framework/Versions/A/Frameworks/CommonPanels.framework/Versions/A/CommonPanels
0x000000000e4e4000 	/System/Library/Frameworks/Carbon.framework/Versions/A/Frameworks/Help.framework/Versions/A/Help
0x000000000e4e4000 	/System/Library/Frameworks/Carbon.framework/Versions/A/Frameworks/ImageCapture.framework/Versions/A/ImageCapture
0x000000000e4e4000 	/System/Library/Frameworks/Carbon.framework/Versions/A/Frameworks/OpenScripting.framework/Versions/A/OpenScripting
0x000000000e4e4000 	/System/Library/Frameworks/Carbon.framework/Versions/A/Frameworks/Print.framework/Versions/A/Print
0x000000000e4e4000 	/System/Library/Frameworks/Carbon.framework/Versions/A/Frameworks/SecurityHI.framework/Versions/A/SecurityHI
0x000000010e038000 	/Library/Java/JavaVirtualMachines/jdk1.8.0_91.jdk/Contents/Home/jre/lib/libdt_socket.dylib
0x000000010e1f2000 	/Library/Java/JavaVirtualMachines/jdk1.8.0_91.jdk/Contents/Home/jre/lib/libprism_es2.dylib
0x0000000122cc3000 	/System/Library/Frameworks/OpenGL.framework/Resources/GLEngine.bundle/GLEngine
0x000000000e4e4000 	/System/Library/Frameworks/OpenGL.framework/Versions/A/Libraries/libGLProgrammability.dylib
0x0000000122ea8000 	/System/Library/Extensions/AppleIntelBDWGraphicsGLDriver.bundle/Contents/MacOS/AppleIntelBDWGraphicsGLDriver
0x000000000e4e4000 	/System/Library/PrivateFrameworks/GPUSupport.framework/Versions/A/Libraries/libGPUSupportMercury.dylib
0x000000010e25b000 	/System/Library/Frameworks/OpenGL.framework/Resources//GLRendererFloat.bundle/GLRendererFloat
0x000000000e4e4000 	/System/Library/Frameworks/OpenCL.framework/Versions/A/Libraries/libcldcpuengine.dylib
0x000000000e4e4000 	/usr/lib/libcrypto.0.9.8.dylib
0x000000000e4e4000 	/System/Library/PrivateFrameworks/TrustEvaluationAgent.framework/Versions/A/TrustEvaluationAgent
0x0000000123912000 	/Library/Java/JavaVirtualMachines/jdk1.8.0_91.jdk/Contents/Home/jre/lib/libglass.dylib
0x000000000e4e4000 	/System/Library/PrivateFrameworks/CoreServicesInternal.framework/Versions/A/CoreServicesInternal
0x000000000e4e4000 	/System/Library/CoreServices/RawCamera.bundle/Contents/MacOS/RawCamera
0x000000000e4e4000 	/System/Library/Frameworks/Accelerate.framework/Versions/A/Frameworks/vImage.framework/Versions/A/Libraries/libCGInterfaces.dylib
0x000000000e4e4000 	/System/Library/PrivateFrameworks/FamilyControls.framework/Versions/A/FamilyControls
0x000000000e4e4000 	/System/Library/PrivateFrameworks/CommerceKit.framework/Versions/A/Frameworks/CommerceCore.framework/Versions/A/CommerceCore
0x000000000e4e4000 	/System/Library/PrivateFrameworks/SystemAdministration.framework/Versions/A/SystemAdministration
0x000000000e4e4000 	/System/Library/PrivateFrameworks/AppContainer.framework/Versions/A/AppContainer
0x000000000e4e4000 	/System/Library/PrivateFrameworks/SecCodeWrapper.framework/Versions/A/SecCodeWrapper
0x000000000e4e4000 	/System/Library/Frameworks/DirectoryService.framework/Versions/A/DirectoryService
0x000000000e4e4000 	/System/Library/PrivateFrameworks/DiskImages.framework/Versions/A/DiskImages
0x000000000e4e4000 	/System/Library/PrivateFrameworks/LoginUIKit.framework/Versions/A/Frameworks/LoginUICore.framework/Versions/A/LoginUICore
0x000000000e4e4000 	/usr/lib/libCoreStorage.dylib
0x000000000e4e4000 	/usr/lib/libcsfde.dylib
0x000000000e4e4000 	/usr/lib/libodfde.dylib
0x000000000e4e4000 	/System/Library/Frameworks/DiscRecording.framework/Versions/A/DiscRecording
0x000000000e4e4000 	/usr/lib/libcurl.4.dylib
0x000000000e4e4000 	/System/Library/PrivateFrameworks/MediaKit.framework/Versions/A/MediaKit
0x000000000e4e4000 	/System/Library/PrivateFrameworks/ProtectedCloudStorage.framework/Versions/A/ProtectedCloudStorage
0x000000000e4e4000 	/System/Library/PrivateFrameworks/EFILogin.framework/Versions/A/EFILogin
0x000000000e4e4000 	/usr/lib/libutil.dylib
0x000000000e4e4000 	/System/Library/Frameworks/LDAP.framework/Versions/A/LDAP
0x000000000e4e4000 	/usr/lib/libsasl2.2.dylib
0x000000000e4e4000 	/System/Library/PrivateFrameworks/CoreDaemon.framework/Versions/B/CoreDaemon
0x000000000e4e4000 	/System/Library/PrivateFrameworks/AppleSRP.framework/Versions/A/AppleSRP
0x000000000e4e4000 	/System/Library/PrivateFrameworks/APFS.framework/Versions/A/APFS
0x0000000126b54000 	/Library/Java/JavaVirtualMachines/jdk1.8.0_91.jdk/Contents/Home/jre/lib/libnet.dylib
0x0000000126bb3000 	/Library/Java/JavaVirtualMachines/jdk1.8.0_91.jdk/Contents/Home/jre/lib/libnio.dylib
0x000000000e4e4000 	/System/Library/Frameworks/ApplicationServices.framework/Versions/A/Frameworks/ATS.framework/Versions/A/Resources/libTrueTypeScaler.dylib
0x0000000127ab7000 	/System/Library/Extensions/AppleIntelBDWGraphicsMTLDriver.bundle/Contents/MacOS/AppleIntelBDWGraphicsMTLDriver
0x000000000e4e4000 	/System/Library/PrivateFrameworks/ViewBridge.framework/Versions/A/ViewBridge
0x000000000e4e4000 	/System/Library/PrivateFrameworks/XPCService.framework/Versions/A/XPCService
0x000000000e4e4000 	/System/Library/PrivateFrameworks/AppSandbox.framework/Versions/A/AppSandbox
0x000000000e4e4000 	/usr/lib/libsandbox.1.dylib
0x000000000e4e4000 	/usr/lib/libMatch.1.dylib

VM Arguments:
jvm_args: -agentlib:jdwp=transport=dt_socket,address=127.0.0.1:56808,suspend=y,server=n -Dfile.encoding=UTF-8 
java_command: edu.srjc.A7.EnergyUsageUI.UIViewController
java_class_path (initial): /Library/Java/JavaVirtualMachines/jdk1.8.0_91.jdk/Contents/Home/jre/lib/charsets.jar:/Library/Java/JavaVirtualMachines/jdk1.8.0_91.jdk/Contents/Home/jre/lib/deploy.jar:/Library/Java/JavaVirtualMachines/jdk1.8.0_91.jdk/Contents/Home/jre/lib/ext/cldrdata.jar:/Library/Java/JavaVirtualMachines/jdk1.8.0_91.jdk/Contents/Home/jre/lib/ext/dnsns.jar:/Library/Java/JavaVirtualMachines/jdk1.8.0_91.jdk/Contents/Home/jre/lib/ext/jaccess.jar:/Library/Java/JavaVirtualMachines/jdk1.8.0_91.jdk/Contents/Home/jre/lib/ext/jfxrt.jar:/Library/Java/JavaVirtualMachines/jdk1.8.0_91.jdk/Contents/Home/jre/lib/ext/localedata.jar:/Library/Java/JavaVirtualMachines/jdk1.8.0_91.jdk/Contents/Home/jre/lib/ext/nashorn.jar:/Library/Java/JavaVirtualMachines/jdk1.8.0_91.jdk/Contents/Home/jre/lib/ext/sunec.jar:/Library/Java/JavaVirtualMachines/jdk1.8.0_91.jdk/Contents/Home/jre/lib/ext/sunjce_provider.jar:/Library/Java/JavaVirtualMachines/jdk1.8.0_91.jdk/Contents/Home/jre/lib/ext/sunpkcs11.jar:/Library/Java/JavaVirtualMachines/jdk1.8.0_91.jdk/Contents/Home/jre/lib/ext/zipfs.jar:/Library/Java/JavaVirtualMachines/jdk1.8.0_91.jdk/Contents/Home/jre/lib/javaws.jar:/Library/Java/JavaVirtualMachines/jdk1.8.0_91.jdk/Contents/Home/jre/lib/jce.jar:/Library/Java/JavaVirtualMachines/jdk1.8.0_91.jdk/Contents/Home/jre/lib/jfr.jar:/Library/Java/JavaVirtualMachines/jdk1.8.0_91.jdk/Contents/Home/jre/lib/jfxswt.jar:/Library/Java/JavaVirtualMachines/jdk1.8.0_91.jdk/Contents/Home/jre/lib/jsse.jar:/Library/Java/JavaVirtualMachines/jdk1.8.0_91.jdk/Contents/Home/jre/lib/management-agent.jar:/Library/Java/JavaVirtualMachines/jdk1.8.0_91.jdk/Contents/Home/jre/lib/plugin.jar:/Library/Java/JavaVirtualMachines/jdk1.8.0_91.jdk/Contents/Home/jre/lib/resources.jar:/Library/Java/JavaVirtualMachines/jdk1.8.0_91.jdk/Contents/Home/jre/lib/rt.jar:/Library/Java/JavaVirtualMachines/jdk1.8.0_91.jdk/Contents/Home/lib/ant-javafx.jar:/Library/Java/JavaVirtualMachines/jdk1.8.0_91.jdk/Contents/Home/lib/dt.jar:/Library/Ja
Launcher Type: SUN_STANDARD

Environment Variables:
PATH=/Users/kyleobrien/.rbenv/shims:/Users/kyleobrien/.cargo/bin:/Library/Frameworks/Python.framework/Versions/3.5/bin:/usr/local/bin:/usr/bin:/bin:/usr/sbin:/sbin:/opt/X11/bin:/usr/local/share/dotnet:/usr/local/go/bin:/Library/Frameworks/Mono.framework/Versions/Current/Commands:/Library/TeX/texbin:/usr/local/mongodb/bin:/Users/kyleobrien/.rvm/bin
SHELL=/bin/bash
DISPLAY=/private/tmp/com.apple.launchd.i264CKH315/org.macosforge.xquartz:0

Signal Handlers:
SIGSEGV: [libjvm.dylib+0x5a97a1], sa_mask[0]=11111111011111110111111111111111, sa_flags=SA_ONSTACK|SA_RESTART|SA_SIGINFO
SIGBUS: [libjvm.dylib+0x5a97a1], sa_mask[0]=11111111011111110111111111111111, sa_flags=SA_RESTART|SA_SIGINFO
SIGFPE: [libjvm.dylib+0x482594], sa_mask[0]=11111111011111110111111111111111, sa_flags=SA_RESTART|SA_SIGINFO
SIGPIPE: [libjvm.dylib+0x482594], sa_mask[0]=11111111011111110111111111111111, sa_flags=SA_RESTART|SA_SIGINFO
SIGXFSZ: [libjvm.dylib+0x482594], sa_mask[0]=11111111011111110111111111111111, sa_flags=SA_RESTART|SA_SIGINFO
SIGILL: [libjvm.dylib+0x482594], sa_mask[0]=11111111011111110111111111111111, sa_flags=SA_RESTART|SA_SIGINFO
SIGUSR1: SIG_DFL, sa_mask[0]=00000000000000000000000000000000, sa_flags=none
SIGUSR2: [libjvm.dylib+0x4820b2], sa_mask[0]=00100000000000000000000000000000, sa_flags=SA_RESTART|SA_SIGINFO
SIGHUP: [libjvm.dylib+0x480689], sa_mask[0]=11111111011111110111111111111111, sa_flags=SA_RESTART|SA_SIGINFO
SIGINT: [libjvm.dylib+0x480689], sa_mask[0]=11111111011111110111111111111111, sa_flags=SA_RESTART|SA_SIGINFO
SIGTERM: [libjvm.dylib+0x480689], sa_mask[0]=11111111011111110111111111111111, sa_flags=SA_RESTART|SA_SIGINFO
SIGQUIT: [libjvm.dylib+0x480689], sa_mask[0]=11111111011111110111111111111111, sa_flags=SA_RESTART|SA_SIGINFO


---------------  S Y S T E M  ---------------

OS:Bsduname:Darwin 16.7.0 Darwin Kernel Version 16.7.0: Wed Oct  4 00:17:00 PDT 2017; root:xnu-3789.71.6~1/RELEASE_X86_64 x86_64
rlimit: STACK 8192k, CORE 0k, NPROC 709, NOFILE 10240, AS infinity
load average:6.71 5.24 4.06

CPU:total 4 (2 cores per cpu, 2 threads per core) family 6 model 61 stepping 4, cmov, cx8, fxsr, mmx, sse, sse2, sse3, ssse3, sse4.1, sse4.2, popcnt, avx, avx2, aes, clmul, erms, 3dnowpref, lzcnt, ht, tsc, tscinvbit, bmi1, bmi2, adx

Memory: 4k page, physical 8388608k(196332k free)

/proc/meminfo:


vm_info: Java HotSpot(TM) 64-Bit Server VM (25.91-b14) for bsd-amd64 JRE (1.8.0_91-b14), built on Apr  1 2016 01:03:00 by "java_re" with gcc 4.2.1 (Based on Apple Inc. build 5658) (LLVM build 2336.11.00)

time: Wed Nov 15 13:41:58 2017
elapsed time: 3665 seconds (0d 1h 1m 5s)

